2023-03-23 20:17:53,991 [Worker-0: Loading available Gradle versions] INFO  o.e.b.c.i.u.g.PublishedGradleVersions - Gradle version information cache is out-of-date. Trying to update.
2023-03-23 20:18:34,286 [Worker-8: Updating Maven settings] ERROR o.e.m.c.i.i.nexus.NexusIndexManager - Unable to re-index workspace://
java.lang.NullPointerException: Cannot invoke "org.apache.maven.index.context.IndexingContext.purge()" because "context" is null
	at org.eclipse.m2e.core.internal.index.nexus.NexusIndexManager.purgeCurrentIndex(NexusIndexManager.java:529)
	at org.eclipse.m2e.core.internal.index.nexus.NexusIndexManager.reindexWorkspace(NexusIndexManager.java:561)
	at org.eclipse.m2e.core.internal.index.nexus.NexusIndexManager.updateIndex(NexusIndexManager.java:1072)
	at org.eclipse.m2e.core.internal.index.nexus.NexusIndex.updateIndex(NexusIndex.java:147)
	at org.eclipse.m2e.core.ui.internal.preferences.MavenSettingsPreferencePage$1.run(MavenSettingsPreferencePage.java:153)
	at org.eclipse.core.internal.jobs.Worker.run(Worker.java:63)
2023-03-23 20:18:34,299 [Worker-8: Updating Maven settings] ERROR o.e.m.c.u.i.p.MavenSettingsPreferencePage - Reindexing error
org.eclipse.core.runtime.CoreException: Reindexing error
	at org.eclipse.m2e.core.internal.index.nexus.NexusIndexManager.reindexWorkspace(NexusIndexManager.java:568)
	at org.eclipse.m2e.core.internal.index.nexus.NexusIndexManager.updateIndex(NexusIndexManager.java:1072)
	at org.eclipse.m2e.core.internal.index.nexus.NexusIndex.updateIndex(NexusIndex.java:147)
	at org.eclipse.m2e.core.ui.internal.preferences.MavenSettingsPreferencePage$1.run(MavenSettingsPreferencePage.java:153)
	at org.eclipse.core.internal.jobs.Worker.run(Worker.java:63)
Caused by: java.lang.NullPointerException: Cannot invoke "org.apache.maven.index.context.IndexingContext.purge()" because "context" is null
	at org.eclipse.m2e.core.internal.index.nexus.NexusIndexManager.purgeCurrentIndex(NexusIndexManager.java:529)
	at org.eclipse.m2e.core.internal.index.nexus.NexusIndexManager.reindexWorkspace(NexusIndexManager.java:561)
	... 4 common frames omitted
2023-03-23 20:19:28,753 [Worker-2: Importing Maven projects] INFO  o.e.m.c.i.l.LifecycleMappingFactory - Using org.eclipse.m2e.jdt.JarLifecycleMapping lifecycle mapping for MavenProject: org.apache.camel.springboot.example:camel-example-spring-boot-resilience4j-client:3.9.0-SNAPSHOT @ E:\ApacheCamel\finallabs\usecase2-resilience4j\spring-boot-resilience4j\client\pom.xml.
2023-03-23 20:19:40,499 [Worker-2: Importing Maven projects] INFO  o.e.m.c.i.l.LifecycleMappingFactory - Using NULL lifecycle mapping for MavenProject: org.apache.camel.springboot.example:camel-example-spring-boot-resilience4j:3.9.0-SNAPSHOT @ E:\ApacheCamel\finallabs\usecase2-resilience4j\spring-boot-resilience4j\pom.xml.
2023-03-23 20:19:40,649 [Worker-2: Importing Maven projects] INFO  o.e.m.c.i.l.LifecycleMappingFactory - Using org.eclipse.m2e.jdt.JarLifecycleMapping lifecycle mapping for MavenProject: org.apache.camel.springboot.example:camel-example-spring-boot-resilience4j-client2:3.9.0-SNAPSHOT @ E:\ApacheCamel\finallabs\usecase2-resilience4j\spring-boot-resilience4j\client2\pom.xml.
2023-03-23 20:19:41,245 [Worker-2: Importing Maven projects] INFO  o.e.m.c.i.l.LifecycleMappingFactory - Using org.eclipse.m2e.jdt.JarLifecycleMapping lifecycle mapping for MavenProject: org.apache.camel.springboot.example:camel-example-spring-boot-resilience4j-service1:3.9.0-SNAPSHOT @ E:\ApacheCamel\finallabs\usecase2-resilience4j\spring-boot-resilience4j\service1\pom.xml.
2023-03-23 20:19:43,001 [Worker-2: Importing Maven projects] INFO  o.e.m.c.i.l.LifecycleMappingFactory - Using org.eclipse.m2e.jdt.JarLifecycleMapping lifecycle mapping for MavenProject: org.apache.camel.springboot.example:camel-example-spring-boot-resilience4j-service2:3.9.0-SNAPSHOT @ E:\ApacheCamel\finallabs\usecase2-resilience4j\spring-boot-resilience4j\service2\pom.xml.
2023-03-23 20:19:44,517 [Worker-2: Importing Maven projects] INFO  o.e.m.c.i.l.LifecycleMappingFactory - Using org.eclipse.m2e.jdt.JarLifecycleMapping lifecycle mapping for MavenProject: org.apache.camel.springboot.example:camel-example-spring-boot-resilience4j-client:3.9.0-SNAPSHOT @ E:\ApacheCamel\finallabs\usecase2-resilience4j\spring-boot-resilience4j\client\pom.xml.
2023-03-23 20:19:49,900 [Worker-2: Importing Maven projects] INFO  o.e.m.c.i.embedder.EclipseLogger - Using 'UTF-8' encoding to copy filtered resources.
2023-03-23 20:19:49,908 [Worker-2: Importing Maven projects] INFO  o.e.m.c.i.embedder.EclipseLogger - Copying 5 resources
2023-03-23 20:19:49,944 [Worker-2: Importing Maven projects] INFO  o.e.m.c.i.embedder.EclipseLogger - Using 'UTF-8' encoding to copy filtered resources.
2023-03-23 20:19:49,945 [Worker-2: Importing Maven projects] INFO  o.e.m.c.i.embedder.EclipseLogger - skip non existing resourceDirectory E:\ApacheCamel\finallabs\usecase2-resilience4j\spring-boot-resilience4j\client\src\test\resources
2023-03-23 20:19:53,335 [Worker-2: Importing Maven projects] INFO  o.e.m.c.i.embedder.EclipseLogger - Using 'UTF-8' encoding to copy filtered resources.
2023-03-23 20:19:53,336 [Worker-2: Importing Maven projects] INFO  o.e.m.c.i.embedder.EclipseLogger - Copying 5 resources
2023-03-23 20:19:53,345 [Worker-2: Importing Maven projects] INFO  o.e.m.c.i.embedder.EclipseLogger - Using 'UTF-8' encoding to copy filtered resources.
2023-03-23 20:19:53,345 [Worker-2: Importing Maven projects] INFO  o.e.m.c.i.embedder.EclipseLogger - skip non existing resourceDirectory E:\ApacheCamel\finallabs\usecase2-resilience4j\spring-boot-resilience4j\client2\src\test\resources
2023-03-23 20:19:53,530 [Worker-2: Importing Maven projects] INFO  o.e.m.c.i.embedder.EclipseLogger - Using 'UTF-8' encoding to copy filtered resources.
2023-03-23 20:19:53,530 [Worker-2: Importing Maven projects] INFO  o.e.m.c.i.embedder.EclipseLogger - Copying 3 resources
2023-03-23 20:19:53,539 [Worker-2: Importing Maven projects] INFO  o.e.m.c.i.embedder.EclipseLogger - Using 'UTF-8' encoding to copy filtered resources.
2023-03-23 20:19:53,541 [Worker-2: Importing Maven projects] INFO  o.e.m.c.i.embedder.EclipseLogger - skip non existing resourceDirectory E:\ApacheCamel\finallabs\usecase2-resilience4j\spring-boot-resilience4j\service1\src\test\resources
2023-03-23 20:19:54,075 [Worker-2: Importing Maven projects] INFO  o.e.m.c.i.embedder.EclipseLogger - Using 'UTF-8' encoding to copy filtered resources.
2023-03-23 20:19:54,075 [Worker-2: Importing Maven projects] INFO  o.e.m.c.i.embedder.EclipseLogger - Copying 3 resources
2023-03-23 20:19:54,084 [Worker-2: Importing Maven projects] INFO  o.e.m.c.i.embedder.EclipseLogger - Using 'UTF-8' encoding to copy filtered resources.
2023-03-23 20:19:54,085 [Worker-2: Importing Maven projects] INFO  o.e.m.c.i.embedder.EclipseLogger - skip non existing resourceDirectory E:\ApacheCamel\finallabs\usecase2-resilience4j\spring-boot-resilience4j\service2\src\test\resources
2023-03-23 20:20:07,350 [Worker-2: Importing Maven projects] INFO  o.e.m.j.i.AbstractJavaProjectConfigurator - Adding source folder /camel-example-spring-boot-resilience4j-client/src/main/java
2023-03-23 20:20:07,350 [Worker-2: Importing Maven projects] INFO  o.e.m.j.i.AbstractJavaProjectConfigurator - Adding resource folder /camel-example-spring-boot-resilience4j-client/src/main/resources
2023-03-23 20:20:07,351 [Worker-2: Importing Maven projects] INFO  o.e.m.j.i.AbstractJavaProjectConfigurator - Adding source folder /camel-example-spring-boot-resilience4j-client/src/test/java
2023-03-23 20:20:10,721 [Worker-2: Importing Maven projects] INFO  o.e.m.c.i.embedder.EclipseLogger - Using 'UTF-8' encoding to copy filtered resources.
2023-03-23 20:20:10,728 [Worker-2: Importing Maven projects] INFO  o.e.m.c.i.embedder.EclipseLogger - Copying 5 resources
2023-03-23 20:20:10,738 [Worker-2: Importing Maven projects] INFO  o.e.m.c.i.embedder.EclipseLogger - Using 'UTF-8' encoding to copy filtered resources.
2023-03-23 20:20:10,739 [Worker-2: Importing Maven projects] INFO  o.e.m.c.i.embedder.EclipseLogger - skip non existing resourceDirectory E:\ApacheCamel\finallabs\usecase2-resilience4j\spring-boot-resilience4j\client\src\test\resources
2023-03-23 20:20:20,542 [Worker-2: Importing Maven projects] INFO  o.e.m.j.i.AbstractJavaProjectConfigurator - Adding source folder /camel-example-spring-boot-resilience4j-service2/src/main/java
2023-03-23 20:20:20,543 [Worker-2: Importing Maven projects] INFO  o.e.m.j.i.AbstractJavaProjectConfigurator - Adding resource folder /camel-example-spring-boot-resilience4j-service2/src/main/resources
2023-03-23 20:20:20,543 [Worker-2: Importing Maven projects] INFO  o.e.m.j.i.AbstractJavaProjectConfigurator - Adding source folder /camel-example-spring-boot-resilience4j-service2/src/test/java
2023-03-23 20:20:21,427 [Worker-2: Importing Maven projects] INFO  o.e.m.c.i.embedder.EclipseLogger - Using 'UTF-8' encoding to copy filtered resources.
2023-03-23 20:20:21,427 [Worker-2: Importing Maven projects] INFO  o.e.m.c.i.embedder.EclipseLogger - Copying 3 resources
2023-03-23 20:20:21,436 [Worker-2: Importing Maven projects] INFO  o.e.m.c.i.embedder.EclipseLogger - Using 'UTF-8' encoding to copy filtered resources.
2023-03-23 20:20:21,437 [Worker-2: Importing Maven projects] INFO  o.e.m.c.i.embedder.EclipseLogger - skip non existing resourceDirectory E:\ApacheCamel\finallabs\usecase2-resilience4j\spring-boot-resilience4j\service2\src\test\resources
2023-03-23 20:20:21,919 [Worker-2: Importing Maven projects] INFO  o.e.m.j.i.AbstractJavaProjectConfigurator - Adding source folder /camel-example-spring-boot-resilience4j-client2/src/main/java
2023-03-23 20:20:21,920 [Worker-2: Importing Maven projects] INFO  o.e.m.j.i.AbstractJavaProjectConfigurator - Adding resource folder /camel-example-spring-boot-resilience4j-client2/src/main/resources
2023-03-23 20:20:21,920 [Worker-2: Importing Maven projects] INFO  o.e.m.j.i.AbstractJavaProjectConfigurator - Adding source folder /camel-example-spring-boot-resilience4j-client2/src/test/java
2023-03-23 20:20:23,508 [Worker-2: Importing Maven projects] INFO  o.e.m.c.i.embedder.EclipseLogger - Using 'UTF-8' encoding to copy filtered resources.
2023-03-23 20:20:23,509 [Worker-2: Importing Maven projects] INFO  o.e.m.c.i.embedder.EclipseLogger - Copying 5 resources
2023-03-23 20:20:23,519 [Worker-2: Importing Maven projects] INFO  o.e.m.c.i.embedder.EclipseLogger - Using 'UTF-8' encoding to copy filtered resources.
2023-03-23 20:20:23,519 [Worker-2: Importing Maven projects] INFO  o.e.m.c.i.embedder.EclipseLogger - skip non existing resourceDirectory E:\ApacheCamel\finallabs\usecase2-resilience4j\spring-boot-resilience4j\client2\src\test\resources
2023-03-23 20:20:24,000 [Worker-2: Importing Maven projects] INFO  o.e.m.j.i.AbstractJavaProjectConfigurator - Adding source folder /camel-example-spring-boot-resilience4j-service1/src/main/java
2023-03-23 20:20:24,000 [Worker-2: Importing Maven projects] INFO  o.e.m.j.i.AbstractJavaProjectConfigurator - Adding resource folder /camel-example-spring-boot-resilience4j-service1/src/main/resources
2023-03-23 20:20:24,000 [Worker-2: Importing Maven projects] INFO  o.e.m.j.i.AbstractJavaProjectConfigurator - Adding source folder /camel-example-spring-boot-resilience4j-service1/src/test/java
2023-03-23 20:20:25,053 [Worker-2: Importing Maven projects] INFO  o.e.m.c.i.embedder.EclipseLogger - Using 'UTF-8' encoding to copy filtered resources.
2023-03-23 20:20:25,054 [Worker-2: Importing Maven projects] INFO  o.e.m.c.i.embedder.EclipseLogger - Copying 3 resources
2023-03-23 20:20:25,058 [Worker-2: Importing Maven projects] INFO  o.e.m.c.i.embedder.EclipseLogger - Using 'UTF-8' encoding to copy filtered resources.
2023-03-23 20:20:25,059 [Worker-2: Importing Maven projects] INFO  o.e.m.c.i.embedder.EclipseLogger - skip non existing resourceDirectory E:\ApacheCamel\finallabs\usecase2-resilience4j\spring-boot-resilience4j\service1\src\test\resources
2023-03-23 20:20:25,864 [Worker-2: Importing Maven projects] INFO  o.e.m.c.i.p.ProjectConfigurationManager - Imported and configured 5 project(s) in 68 sec
2023-03-23 20:20:26,975 [Worker-2: Building] INFO  o.e.m.c.i.embedder.EclipseLogger - Using 'UTF-8' encoding to copy filtered resources.
2023-03-23 20:20:26,976 [Worker-2: Building] INFO  o.e.m.c.i.embedder.EclipseLogger - Copying 0 resource
2023-03-23 20:20:26,977 [Worker-2: Building] INFO  o.e.m.c.i.embedder.EclipseLogger - Using 'UTF-8' encoding to copy filtered resources.
2023-03-23 20:20:26,977 [Worker-2: Building] INFO  o.e.m.c.i.embedder.EclipseLogger - skip non existing resourceDirectory E:\ApacheCamel\finallabs\usecase2-resilience4j\spring-boot-resilience4j\client\src\test\resources
2023-03-23 20:20:26,999 [Worker-2: Building] INFO  o.e.m.c.i.embedder.EclipseLogger - Using 'UTF-8' encoding to copy filtered resources.
2023-03-23 20:20:27,000 [Worker-2: Building] INFO  o.e.m.c.i.embedder.EclipseLogger - Copying 0 resource
2023-03-23 20:20:27,001 [Worker-2: Building] INFO  o.e.m.c.i.embedder.EclipseLogger - Using 'UTF-8' encoding to copy filtered resources.
2023-03-23 20:20:27,001 [Worker-2: Building] INFO  o.e.m.c.i.embedder.EclipseLogger - skip non existing resourceDirectory E:\ApacheCamel\finallabs\usecase2-resilience4j\spring-boot-resilience4j\client2\src\test\resources
2023-03-23 20:20:27,032 [Worker-2: Building] INFO  o.e.m.c.i.embedder.EclipseLogger - Using 'UTF-8' encoding to copy filtered resources.
2023-03-23 20:20:27,032 [Worker-2: Building] INFO  o.e.m.c.i.embedder.EclipseLogger - Copying 0 resource
2023-03-23 20:20:27,033 [Worker-2: Building] INFO  o.e.m.c.i.embedder.EclipseLogger - Using 'UTF-8' encoding to copy filtered resources.
2023-03-23 20:20:27,034 [Worker-2: Building] INFO  o.e.m.c.i.embedder.EclipseLogger - skip non existing resourceDirectory E:\ApacheCamel\finallabs\usecase2-resilience4j\spring-boot-resilience4j\service1\src\test\resources
2023-03-23 20:20:27,052 [Worker-2: Building] INFO  o.e.m.c.i.embedder.EclipseLogger - Using 'UTF-8' encoding to copy filtered resources.
2023-03-23 20:20:27,052 [Worker-2: Building] INFO  o.e.m.c.i.embedder.EclipseLogger - Copying 0 resource
2023-03-23 20:20:27,053 [Worker-2: Building] INFO  o.e.m.c.i.embedder.EclipseLogger - Using 'UTF-8' encoding to copy filtered resources.
2023-03-23 20:20:27,053 [Worker-2: Building] INFO  o.e.m.c.i.embedder.EclipseLogger - skip non existing resourceDirectory E:\ApacheCamel\finallabs\usecase2-resilience4j\spring-boot-resilience4j\service2\src\test\resources
