#
# A fatal error has been detected by the Java Runtime Environment:
#
#  EXCEPTION_ACCESS_VIOLATION (0xc0000005) at pc=0x00007ff9378d98ee, pid=5292, tid=7436
#
# JRE version: Java(TM) SE Runtime Environment 18.9 (11.0.8+10) (build 11.0.8+10-LTS)
# Java VM: Java HotSpot(TM) 64-Bit Server VM 18.9 (11.0.8+10-LTS, mixed mode, tiered, compressed oops, g1 gc, windows-amd64)
# Problematic frame:
# V  [jvm.dll+0x2b98ee]
#
# No core dump will be written. Minidumps are not enabled by default on client versions of Windows
#
# If you would like to submit a bug report, please visit:
#   https://bugreport.java.com/bugreport/crash.jsp
#

---------------  S U M M A R Y ------------

Command Line: -Dfile.encoding=UTF-8 sample.camel.RestApplication

Host: Intel(R) Core(TM) i7-1065G7 CPU @ 1.30GHz, 8 cores, 15G,  Windows 10 , 64 bit Build 19041 (10.0.19041.2546)
Time: Thu Mar 23 20:36:27 2023 India Standard Time elapsed time: 1 seconds (0d 0h 0m 1s)

---------------  T H R E A D  ---------------

Current thread (0x000001cb4fb66000):  JavaThread "C2 CompilerThread1" daemon [_thread_in_native, id=7436, stack(0x0000002d44700000,0x0000002d44800000)]


Current CompileTask:
C2:   1670 2852   !   4       com.sun.org.apache.xerces.internal.impl.xs.traversers.XSAttributeChecker::checkAttributes (1101 bytes)

Stack: [0x0000002d44700000,0x0000002d44800000],  sp=0x0000002d447fb220,  free space=1004k
Native frames: (J=compiled Java code, j=interpreted, Vv=VM code, C=native code)
V  [jvm.dll+0x2b98ee]
V  [jvm.dll+0x2baaa3]
V  [jvm.dll+0x2bb84c]
V  [jvm.dll+0x1fdaf9]
V  [jvm.dll+0x1fb37f]
V  [jvm.dll+0x17e0fc]
V  [jvm.dll+0x20aaa4]
V  [jvm.dll+0x208b7b]
V  [jvm.dll+0x6ff90c]
V  [jvm.dll+0x6f845c]
V  [jvm.dll+0x600d66]
C  [ucrtbase.dll+0x21bb2]
C  [KERNEL32.DLL+0x17614]
C  [ntdll.dll+0x526a1]


siginfo: EXCEPTION_ACCESS_VIOLATION (0xc0000005), reading address 0x0000000000000000


Register to memory mapping:

RIP=0x00007ff9378d98ee jvm.dll
RAX=0x0 is NULL
RBX=0x000001cb5585f958 points into unknown readable memory: 00 00 00 00 00 00 00 00
RCX=0x000001cb5585f958 points into unknown readable memory: 00 00 00 00 00 00 00 00
RDX=0x000001cb5585f958 points into unknown readable memory: 00 00 00 00 00 00 00 00
RSP=0x0000002d447fb220 is pointing into the stack for thread: 0x000001cb4fb66000
RBP=0x0000002d447fb7a0 is pointing into the stack for thread: 0x000001cb4fb66000
RSI=0x000001cb5585f958 points into unknown readable memory: 00 00 00 00 00 00 00 00
RDI=0x000001cb533070f0 points into unknown readable memory: d1 16 00 00 d1 16 00 00
R8 =0x0000002d447fb3d0 is pointing into the stack for thread: 0x000001cb4fb66000
R9 =0x000001cb559df340 points into unknown readable memory: 00 00 00 00 02 00 00 00
R10=0x000001cb514c1920 points into unknown readable memory: 00 00 00 00 00 00 00 00
R11=0x000001cb50e8a650 points into unknown readable memory: 00 00 00 00 00 00 00 00
R12=0x0 is NULL
R13=0x000001cb53307188 points into unknown readable memory: f0 4b b0 4f cb 01 00 00
R14=0x0000002d447fb3d0 is pointing into the stack for thread: 0x000001cb4fb66000
R15=0x00000000000000c0 is an unknown value


Registers:
RAX=0x0000000000000000, RBX=0x000001cb5585f958, RCX=0x000001cb5585f958, RDX=0x000001cb5585f958
RSP=0x0000002d447fb220, RBP=0x0000002d447fb7a0, RSI=0x000001cb5585f958, RDI=0x000001cb533070f0
R8 =0x0000002d447fb3d0, R9 =0x000001cb559df340, R10=0x000001cb514c1920, R11=0x000001cb50e8a650
R12=0x0000000000000000, R13=0x000001cb53307188, R14=0x0000002d447fb3d0, R15=0x00000000000000c0
RIP=0x00007ff9378d98ee, EFLAGS=0x0000000000010202

Top of Stack: (sp=0x0000002d447fb220)
0x0000002d447fb220:   0000002d447fb3a0 00007ff937c4c138
0x0000002d447fb230:   000001cb53307158 0000000000000001
0x0000002d447fb240:   000001cb52cf6c38 000001cb533070f0
0x0000002d447fb250:   0000000000000000 000001cb52cf7650
0x0000002d447fb260:   00000000000000c0 000001cb53307188
0x0000002d447fb270:   0000000000000000 000001cb533070f0
0x0000002d447fb280:   000001cb559eafa8 0000002d447fb3a0
0x0000002d447fb290:   000001cb53307158 00007ff9378daaa3
0x0000002d447fb2a0:   000001cb50eb3050 000001cb52cf6c38
0x0000002d447fb2b0:   000001cb5310c750 0000000000000000
0x0000002d447fb2c0:   000001cb29690000 0000000000000002
0x0000002d447fb2d0:   0000020000000138 0000000000000000
0x0000002d447fb2e0:   0000000000000013 000001cb50eb3050
0x0000002d447fb2f0:   000000800000005b 0000000000000000
0x0000002d447fb300:   0000000000000013 000001cb50eb44a0
0x0000002d447fb310:   0000000200000002 0000000000000000 

Instructions: (pc=0x00007ff9378d98ee)
0x00007ff9378d98ce:   83 7f 68 00 0f 84 32 05 00 00 48 83 7f 70 00 0f
0x00007ff9378d98de:   84 27 05 00 00 48 8b 02 48 8b cb 4c 89 7c 24 40
0x00007ff9378d98ee:   ff 10 44 8b f8 3d 15 01 00 00 0f 8f 07 05 00 00
0x00007ff9378d98fe:   0f 84 23 05 00 00 83 c0 ea 3d f8 00 00 00 0f 87 


Stack slot to memory mapping:
stack at sp + 0 slots: 0x0000002d447fb3a0 is pointing into the stack for thread: 0x000001cb4fb66000
stack at sp + 1 slots: 0x00007ff937c4c138 jvm.dll
stack at sp + 2 slots: 0x000001cb53307158 points into unknown readable memory: 50 b4 49 50 cb 01 00 00
stack at sp + 3 slots: 0x0000000000000001 is an unknown value
stack at sp + 4 slots: 0x000001cb52cf6c38 points into unknown readable memory: c0 35 e6 37 f9 7f 00 00
stack at sp + 5 slots: 0x000001cb533070f0 points into unknown readable memory: d1 16 00 00 d1 16 00 00
stack at sp + 6 slots: 0x0 is NULL
stack at sp + 7 slots: 0x000001cb52cf7650 points into unknown readable memory: 00 00 00 00 00 00 00 00


---------------  P R O C E S S  ---------------

Threads class SMR info:
_java_thread_list=0x000001cb52fb12f0, length=12, elements={
0x000001cb2978e800, 0x000001cb4f8f2000, 0x000001cb4f8fb800, 0x000001cb4f067800,
0x000001cb4f068800, 0x000001cb4f952800, 0x000001cb4f95e800, 0x000001cb4f962800,
0x000001cb4fafd800, 0x000001cb4fb12000, 0x000001cb4fb66000, 0x000001cb52b02800
}

Java Threads: ( => current thread )
  0x000001cb2978e800 JavaThread "main" [_thread_in_vm, id=7892, stack(0x0000002d43600000,0x0000002d43700000)]
  0x000001cb4f8f2000 JavaThread "Reference Handler" daemon [_thread_blocked, id=1084, stack(0x0000002d43d00000,0x0000002d43e00000)]
  0x000001cb4f8fb800 JavaThread "Finalizer" daemon [_thread_blocked, id=18552, stack(0x0000002d43e00000,0x0000002d43f00000)]
  0x000001cb4f067800 JavaThread "Signal Dispatcher" daemon [_thread_blocked, id=23556, stack(0x0000002d43f00000,0x0000002d44000000)]
  0x000001cb4f068800 JavaThread "Attach Listener" daemon [_thread_blocked, id=7588, stack(0x0000002d44000000,0x0000002d44100000)]
  0x000001cb4f952800 JavaThread "C2 CompilerThread0" daemon [_thread_blocked, id=2668, stack(0x0000002d44100000,0x0000002d44200000)]
  0x000001cb4f95e800 JavaThread "C1 CompilerThread0" daemon [_thread_blocked, id=21608, stack(0x0000002d44200000,0x0000002d44300000)]
  0x000001cb4f962800 JavaThread "Sweeper thread" daemon [_thread_blocked, id=19756, stack(0x0000002d44300000,0x0000002d44400000)]
  0x000001cb4fafd800 JavaThread "Service Thread" daemon [_thread_blocked, id=9816, stack(0x0000002d44400000,0x0000002d44500000)]
  0x000001cb4fb12000 JavaThread "Common-Cleaner" daemon [_thread_blocked, id=18996, stack(0x0000002d44600000,0x0000002d44700000)]
=>0x000001cb4fb66000 JavaThread "C2 CompilerThread1" daemon [_thread_in_native, id=7436, stack(0x0000002d44700000,0x0000002d44800000)]
  0x000001cb52b02800 JavaThread "C2 CompilerThread2" daemon [_thread_blocked, id=8404, stack(0x0000002d44f00000,0x0000002d45000000)]

Other Threads:
  0x000001cb4f040000 VMThread "VM Thread" [stack: 0x0000002d43c00000,0x0000002d43d00000] [id=20924]
  0x000001cb4fb05000 WatcherThread [stack: 0x0000002d44500000,0x0000002d44600000] [id=12352]
  0x000001cb2987b800 GCTaskThread "GC Thread#0" [stack: 0x0000002d43700000,0x0000002d43800000] [id=5012]
  0x000001cb5095f800 GCTaskThread "GC Thread#1" [stack: 0x0000002d44800000,0x0000002d44900000] [id=9180]
  0x000001cb5091e800 GCTaskThread "GC Thread#2" [stack: 0x0000002d44900000,0x0000002d44a00000] [id=24876]
  0x000001cb507f8000 GCTaskThread "GC Thread#3" [stack: 0x0000002d44a00000,0x0000002d44b00000] [id=9348]
  0x000001cb507f8800 GCTaskThread "GC Thread#4" [stack: 0x0000002d44b00000,0x0000002d44c00000] [id=20500]
  0x000001cb50924000 GCTaskThread "GC Thread#5" [stack: 0x0000002d44c00000,0x0000002d44d00000] [id=16324]
  0x000001cb298d7800 ConcurrentGCThread "G1 Main Marker" [stack: 0x0000002d43800000,0x0000002d43900000] [id=25040]
  0x000001cb298da000 ConcurrentGCThread "G1 Conc#0" [stack: 0x0000002d43900000,0x0000002d43a00000] [id=12896]
  0x000001cb513f8800 ConcurrentGCThread "G1 Conc#1" [stack: 0x0000002d44e00000,0x0000002d44f00000] [id=1944]
  0x000001cb4ef2c000 ConcurrentGCThread "G1 Refine#0" [stack: 0x0000002d43a00000,0x0000002d43b00000] [id=14844]
  0x000001cb4ef2d000 ConcurrentGCThread "G1 Young RemSet Sampling" [stack: 0x0000002d43b00000,0x0000002d43c00000] [id=19748]

Threads with active compile tasks:
C2 CompilerThread1   1712 2852   !   4       com.sun.org.apache.xerces.internal.impl.xs.traversers.XSAttributeChecker::checkAttributes (1101 bytes)

VM state:not at safepoint (normal execution)

VM Mutex/Monitor currently owned by a thread: None

Heap address: 0x0000000703a00000, size: 4038 MB, Compressed Oops mode: Zero based, Oop shift amount: 3
Narrow klass base: 0x0000000800000000, Narrow klass shift: 0
Compressed class space size: 1073741824 Address: 0x0000000800000000

Heap:
 garbage-first heap   total 260096K, used 50450K [0x0000000703a00000, 0x0000000800000000)
  region size 1024K, 45 young (46080K), 5 survivors (5120K)
 Metaspace       used 34316K, capacity 34990K, committed 35068K, reserved 1079296K
  class space    used 4054K, capacity 4322K, committed 4352K, reserved 1048576K
Heap Regions: E=young(eden), S=young(survivor), O=old, HS=humongous(starts), HC=humongous(continues), CS=collection set, F=free, A=archive, TAMS=top-at-mark-start (previous, next)
|   0|0x0000000703a00000, 0x0000000703b00000, 0x0000000703b00000|100%| O|  |TAMS 0x0000000703b00000, 0x0000000703a00000| Untracked 
|   1|0x0000000703b00000, 0x0000000703c00000, 0x0000000703c00000|100%| O|  |TAMS 0x0000000703c00000, 0x0000000703b00000| Untracked 
|   2|0x0000000703c00000, 0x0000000703d00000, 0x0000000703d00000|100%| O|  |TAMS 0x0000000703d00000, 0x0000000703c00000| Untracked 
|   3|0x0000000703d00000, 0x0000000703e00000, 0x0000000703e00000|100%| O|  |TAMS 0x0000000703e00000, 0x0000000703d00000| Untracked 
|   4|0x0000000703e00000, 0x0000000703f00000, 0x0000000703f00000|100%| O|  |TAMS 0x0000000703f00000, 0x0000000703e00000| Untracked 
|   5|0x0000000703f00000, 0x0000000704000000, 0x0000000704000000|100%| O|  |TAMS 0x0000000704000000, 0x0000000703f00000| Untracked 
|   6|0x0000000704000000, 0x0000000704027a00, 0x0000000704100000| 15%| O|  |TAMS 0x0000000704027a00, 0x0000000704000000| Untracked 
|   7|0x0000000704100000, 0x0000000704100000, 0x0000000704200000|  0%| F|  |TAMS 0x0000000704100000, 0x0000000704100000| Untracked 
|   8|0x0000000704200000, 0x0000000704200000, 0x0000000704300000|  0%| F|  |TAMS 0x0000000704200000, 0x0000000704200000| Untracked 
|   9|0x0000000704300000, 0x0000000704300000, 0x0000000704400000|  0%| F|  |TAMS 0x0000000704300000, 0x0000000704300000| Untracked 
|  10|0x0000000704400000, 0x0000000704400000, 0x0000000704500000|  0%| F|  |TAMS 0x0000000704400000, 0x0000000704400000| Untracked 
|  11|0x0000000704500000, 0x0000000704500000, 0x0000000704600000|  0%| F|  |TAMS 0x0000000704500000, 0x0000000704500000| Untracked 
|  12|0x0000000704600000, 0x0000000704600000, 0x0000000704700000|  0%| F|  |TAMS 0x0000000704600000, 0x0000000704600000| Untracked 
|  13|0x0000000704700000, 0x0000000704700000, 0x0000000704800000|  0%| F|  |TAMS 0x0000000704700000, 0x0000000704700000| Untracked 
|  14|0x0000000704800000, 0x0000000704800000, 0x0000000704900000|  0%| F|  |TAMS 0x0000000704800000, 0x0000000704800000| Untracked 
|  15|0x0000000704900000, 0x0000000704900000, 0x0000000704a00000|  0%| F|  |TAMS 0x0000000704900000, 0x0000000704900000| Untracked 
|  16|0x0000000704a00000, 0x0000000704a00000, 0x0000000704b00000|  0%| F|  |TAMS 0x0000000704a00000, 0x0000000704a00000| Untracked 
|  17|0x0000000704b00000, 0x0000000704b00000, 0x0000000704c00000|  0%| F|  |TAMS 0x0000000704b00000, 0x0000000704b00000| Untracked 
|  18|0x0000000704c00000, 0x0000000704c00000, 0x0000000704d00000|  0%| F|  |TAMS 0x0000000704c00000, 0x0000000704c00000| Untracked 
|  19|0x0000000704d00000, 0x0000000704d00000, 0x0000000704e00000|  0%| F|  |TAMS 0x0000000704d00000, 0x0000000704d00000| Untracked 
|  20|0x0000000704e00000, 0x0000000704e00000, 0x0000000704f00000|  0%| F|  |TAMS 0x0000000704e00000, 0x0000000704e00000| Untracked 
|  21|0x0000000704f00000, 0x0000000704f00000, 0x0000000705000000|  0%| F|  |TAMS 0x0000000704f00000, 0x0000000704f00000| Untracked 
|  22|0x0000000705000000, 0x0000000705000000, 0x0000000705100000|  0%| F|  |TAMS 0x0000000705000000, 0x0000000705000000| Untracked 
|  23|0x0000000705100000, 0x0000000705100000, 0x0000000705200000|  0%| F|  |TAMS 0x0000000705100000, 0x0000000705100000| Untracked 
|  24|0x0000000705200000, 0x0000000705200000, 0x0000000705300000|  0%| F|  |TAMS 0x0000000705200000, 0x0000000705200000| Untracked 
|  25|0x0000000705300000, 0x0000000705300000, 0x0000000705400000|  0%| F|  |TAMS 0x0000000705300000, 0x0000000705300000| Untracked 
|  26|0x0000000705400000, 0x0000000705400000, 0x0000000705500000|  0%| F|  |TAMS 0x0000000705400000, 0x0000000705400000| Untracked 
|  27|0x0000000705500000, 0x0000000705500000, 0x0000000705600000|  0%| F|  |TAMS 0x0000000705500000, 0x0000000705500000| Untracked 
|  28|0x0000000705600000, 0x0000000705600000, 0x0000000705700000|  0%| F|  |TAMS 0x0000000705600000, 0x0000000705600000| Untracked 
|  29|0x0000000705700000, 0x0000000705700000, 0x0000000705800000|  0%| F|  |TAMS 0x0000000705700000, 0x0000000705700000| Untracked 
|  30|0x0000000705800000, 0x0000000705800000, 0x0000000705900000|  0%| F|  |TAMS 0x0000000705800000, 0x0000000705800000| Untracked 
|  31|0x0000000705900000, 0x0000000705900000, 0x0000000705a00000|  0%| F|  |TAMS 0x0000000705900000, 0x0000000705900000| Untracked 
|  32|0x0000000705a00000, 0x0000000705a00000, 0x0000000705b00000|  0%| F|  |TAMS 0x0000000705a00000, 0x0000000705a00000| Untracked 
|  33|0x0000000705b00000, 0x0000000705b00000, 0x0000000705c00000|  0%| F|  |TAMS 0x0000000705b00000, 0x0000000705b00000| Untracked 
|  34|0x0000000705c00000, 0x0000000705c00000, 0x0000000705d00000|  0%| F|  |TAMS 0x0000000705c00000, 0x0000000705c00000| Untracked 
|  35|0x0000000705d00000, 0x0000000705d00000, 0x0000000705e00000|  0%| F|  |TAMS 0x0000000705d00000, 0x0000000705d00000| Untracked 
|  36|0x0000000705e00000, 0x0000000705e00000, 0x0000000705f00000|  0%| F|  |TAMS 0x0000000705e00000, 0x0000000705e00000| Untracked 
|  37|0x0000000705f00000, 0x0000000705f00000, 0x0000000706000000|  0%| F|  |TAMS 0x0000000705f00000, 0x0000000705f00000| Untracked 
|  38|0x0000000706000000, 0x0000000706000000, 0x0000000706100000|  0%| F|  |TAMS 0x0000000706000000, 0x0000000706000000| Untracked 
|  39|0x0000000706100000, 0x0000000706100000, 0x0000000706200000|  0%| F|  |TAMS 0x0000000706100000, 0x0000000706100000| Untracked 
|  40|0x0000000706200000, 0x0000000706200000, 0x0000000706300000|  0%| F|  |TAMS 0x0000000706200000, 0x0000000706200000| Untracked 
|  41|0x0000000706300000, 0x0000000706300000, 0x0000000706400000|  0%| F|  |TAMS 0x0000000706300000, 0x0000000706300000| Untracked 
|  42|0x0000000706400000, 0x0000000706400000, 0x0000000706500000|  0%| F|  |TAMS 0x0000000706400000, 0x0000000706400000| Untracked 
|  43|0x0000000706500000, 0x0000000706500000, 0x0000000706600000|  0%| F|  |TAMS 0x0000000706500000, 0x0000000706500000| Untracked 
|  44|0x0000000706600000, 0x0000000706600000, 0x0000000706700000|  0%| F|  |TAMS 0x0000000706600000, 0x0000000706600000| Untracked 
|  45|0x0000000706700000, 0x0000000706700000, 0x0000000706800000|  0%| F|  |TAMS 0x0000000706700000, 0x0000000706700000| Untracked 
|  46|0x0000000706800000, 0x0000000706800000, 0x0000000706900000|  0%| F|  |TAMS 0x0000000706800000, 0x0000000706800000| Untracked 
|  47|0x0000000706900000, 0x0000000706900000, 0x0000000706a00000|  0%| F|  |TAMS 0x0000000706900000, 0x0000000706900000| Untracked 
|  48|0x0000000706a00000, 0x0000000706a00000, 0x0000000706b00000|  0%| F|  |TAMS 0x0000000706a00000, 0x0000000706a00000| Untracked 
|  49|0x0000000706b00000, 0x0000000706b00000, 0x0000000706c00000|  0%| F|  |TAMS 0x0000000706b00000, 0x0000000706b00000| Untracked 
|  50|0x0000000706c00000, 0x0000000706c00000, 0x0000000706d00000|  0%| F|  |TAMS 0x0000000706c00000, 0x0000000706c00000| Untracked 
|  51|0x0000000706d00000, 0x0000000706d00000, 0x0000000706e00000|  0%| F|  |TAMS 0x0000000706d00000, 0x0000000706d00000| Untracked 
|  52|0x0000000706e00000, 0x0000000706e00000, 0x0000000706f00000|  0%| F|  |TAMS 0x0000000706e00000, 0x0000000706e00000| Untracked 
|  53|0x0000000706f00000, 0x0000000706f00000, 0x0000000707000000|  0%| F|  |TAMS 0x0000000706f00000, 0x0000000706f00000| Untracked 
|  54|0x0000000707000000, 0x0000000707000000, 0x0000000707100000|  0%| F|  |TAMS 0x0000000707000000, 0x0000000707000000| Untracked 
|  55|0x0000000707100000, 0x0000000707100000, 0x0000000707200000|  0%| F|  |TAMS 0x0000000707100000, 0x0000000707100000| Untracked 
|  56|0x0000000707200000, 0x0000000707200000, 0x0000000707300000|  0%| F|  |TAMS 0x0000000707200000, 0x0000000707200000| Untracked 
|  57|0x0000000707300000, 0x0000000707300000, 0x0000000707400000|  0%| F|  |TAMS 0x0000000707300000, 0x0000000707300000| Untracked 
|  58|0x0000000707400000, 0x0000000707400000, 0x0000000707500000|  0%| F|  |TAMS 0x0000000707400000, 0x0000000707400000| Untracked 
|  59|0x0000000707500000, 0x0000000707500000, 0x0000000707600000|  0%| F|  |TAMS 0x0000000707500000, 0x0000000707500000| Untracked 
|  60|0x0000000707600000, 0x0000000707600000, 0x0000000707700000|  0%| F|  |TAMS 0x0000000707600000, 0x0000000707600000| Untracked 
|  61|0x0000000707700000, 0x0000000707700000, 0x0000000707800000|  0%| F|  |TAMS 0x0000000707700000, 0x0000000707700000| Untracked 
|  62|0x0000000707800000, 0x0000000707800000, 0x0000000707900000|  0%| F|  |TAMS 0x0000000707800000, 0x0000000707800000| Untracked 
|  63|0x0000000707900000, 0x0000000707900000, 0x0000000707a00000|  0%| F|  |TAMS 0x0000000707900000, 0x0000000707900000| Untracked 
|  64|0x0000000707a00000, 0x0000000707a00000, 0x0000000707b00000|  0%| F|  |TAMS 0x0000000707a00000, 0x0000000707a00000| Untracked 
|  65|0x0000000707b00000, 0x0000000707b00000, 0x0000000707c00000|  0%| F|  |TAMS 0x0000000707b00000, 0x0000000707b00000| Untracked 
|  66|0x0000000707c00000, 0x0000000707c00000, 0x0000000707d00000|  0%| F|  |TAMS 0x0000000707c00000, 0x0000000707c00000| Untracked 
|  67|0x0000000707d00000, 0x0000000707d00000, 0x0000000707e00000|  0%| F|  |TAMS 0x0000000707d00000, 0x0000000707d00000| Untracked 
|  68|0x0000000707e00000, 0x0000000707e00000, 0x0000000707f00000|  0%| F|  |TAMS 0x0000000707e00000, 0x0000000707e00000| Untracked 
|  69|0x0000000707f00000, 0x0000000707f00000, 0x0000000708000000|  0%| F|  |TAMS 0x0000000707f00000, 0x0000000707f00000| Untracked 
|  70|0x0000000708000000, 0x0000000708000000, 0x0000000708100000|  0%| F|  |TAMS 0x0000000708000000, 0x0000000708000000| Untracked 
|  71|0x0000000708100000, 0x0000000708100000, 0x0000000708200000|  0%| F|  |TAMS 0x0000000708100000, 0x0000000708100000| Untracked 
|  72|0x0000000708200000, 0x0000000708200000, 0x0000000708300000|  0%| F|  |TAMS 0x0000000708200000, 0x0000000708200000| Untracked 
|  73|0x0000000708300000, 0x0000000708300000, 0x0000000708400000|  0%| F|  |TAMS 0x0000000708300000, 0x0000000708300000| Untracked 
|  74|0x0000000708400000, 0x0000000708400000, 0x0000000708500000|  0%| F|  |TAMS 0x0000000708400000, 0x0000000708400000| Untracked 
|  75|0x0000000708500000, 0x0000000708500000, 0x0000000708600000|  0%| F|  |TAMS 0x0000000708500000, 0x0000000708500000| Untracked 
|  76|0x0000000708600000, 0x0000000708600000, 0x0000000708700000|  0%| F|  |TAMS 0x0000000708600000, 0x0000000708600000| Untracked 
|  77|0x0000000708700000, 0x0000000708700000, 0x0000000708800000|  0%| F|  |TAMS 0x0000000708700000, 0x0000000708700000| Untracked 
|  78|0x0000000708800000, 0x0000000708800000, 0x0000000708900000|  0%| F|  |TAMS 0x0000000708800000, 0x0000000708800000| Untracked 
|  79|0x0000000708900000, 0x0000000708900000, 0x0000000708a00000|  0%| F|  |TAMS 0x0000000708900000, 0x0000000708900000| Untracked 
|  80|0x0000000708a00000, 0x0000000708a00000, 0x0000000708b00000|  0%| F|  |TAMS 0x0000000708a00000, 0x0000000708a00000| Untracked 
|  81|0x0000000708b00000, 0x0000000708b00000, 0x0000000708c00000|  0%| F|  |TAMS 0x0000000708b00000, 0x0000000708b00000| Untracked 
|  82|0x0000000708c00000, 0x0000000708c00000, 0x0000000708d00000|  0%| F|  |TAMS 0x0000000708c00000, 0x0000000708c00000| Untracked 
|  83|0x0000000708d00000, 0x0000000708d00000, 0x0000000708e00000|  0%| F|  |TAMS 0x0000000708d00000, 0x0000000708d00000| Untracked 
|  84|0x0000000708e00000, 0x0000000708e00000, 0x0000000708f00000|  0%| F|  |TAMS 0x0000000708e00000, 0x0000000708e00000| Untracked 
|  85|0x0000000708f00000, 0x0000000708f00000, 0x0000000709000000|  0%| F|  |TAMS 0x0000000708f00000, 0x0000000708f00000| Untracked 
|  86|0x0000000709000000, 0x0000000709000000, 0x0000000709100000|  0%| F|  |TAMS 0x0000000709000000, 0x0000000709000000| Untracked 
|  87|0x0000000709100000, 0x0000000709100000, 0x0000000709200000|  0%| F|  |TAMS 0x0000000709100000, 0x0000000709100000| Untracked 
|  88|0x0000000709200000, 0x0000000709200000, 0x0000000709300000|  0%| F|  |TAMS 0x0000000709200000, 0x0000000709200000| Untracked 
|  89|0x0000000709300000, 0x0000000709300000, 0x0000000709400000|  0%| F|  |TAMS 0x0000000709300000, 0x0000000709300000| Untracked 
|  90|0x0000000709400000, 0x0000000709400000, 0x0000000709500000|  0%| F|  |TAMS 0x0000000709400000, 0x0000000709400000| Untracked 
|  91|0x0000000709500000, 0x0000000709500000, 0x0000000709600000|  0%| F|  |TAMS 0x0000000709500000, 0x0000000709500000| Untracked 
|  92|0x0000000709600000, 0x0000000709600000, 0x0000000709700000|  0%| F|  |TAMS 0x0000000709600000, 0x0000000709600000| Untracked 
|  93|0x0000000709700000, 0x0000000709700000, 0x0000000709800000|  0%| F|  |TAMS 0x0000000709700000, 0x0000000709700000| Untracked 
|  94|0x0000000709800000, 0x0000000709800000, 0x0000000709900000|  0%| F|  |TAMS 0x0000000709800000, 0x0000000709800000| Untracked 
|  95|0x0000000709900000, 0x0000000709900000, 0x0000000709a00000|  0%| F|  |TAMS 0x0000000709900000, 0x0000000709900000| Untracked 
|  96|0x0000000709a00000, 0x0000000709a00000, 0x0000000709b00000|  0%| F|  |TAMS 0x0000000709a00000, 0x0000000709a00000| Untracked 
|  97|0x0000000709b00000, 0x0000000709b00000, 0x0000000709c00000|  0%| F|  |TAMS 0x0000000709b00000, 0x0000000709b00000| Untracked 
|  98|0x0000000709c00000, 0x0000000709c00000, 0x0000000709d00000|  0%| F|  |TAMS 0x0000000709c00000, 0x0000000709c00000| Untracked 
|  99|0x0000000709d00000, 0x0000000709d00000, 0x0000000709e00000|  0%| F|  |TAMS 0x0000000709d00000, 0x0000000709d00000| Untracked 
| 100|0x0000000709e00000, 0x0000000709e00000, 0x0000000709f00000|  0%| F|  |TAMS 0x0000000709e00000, 0x0000000709e00000| Untracked 
| 101|0x0000000709f00000, 0x0000000709f00000, 0x000000070a000000|  0%| F|  |TAMS 0x0000000709f00000, 0x0000000709f00000| Untracked 
| 102|0x000000070a000000, 0x000000070a000000, 0x000000070a100000|  0%| F|  |TAMS 0x000000070a000000, 0x000000070a000000| Untracked 
| 103|0x000000070a100000, 0x000000070a100000, 0x000000070a200000|  0%| F|  |TAMS 0x000000070a100000, 0x000000070a100000| Untracked 
| 104|0x000000070a200000, 0x000000070a200000, 0x000000070a300000|  0%| F|  |TAMS 0x000000070a200000, 0x000000070a200000| Untracked 
| 105|0x000000070a300000, 0x000000070a300000, 0x000000070a400000|  0%| F|  |TAMS 0x000000070a300000, 0x000000070a300000| Untracked 
| 106|0x000000070a400000, 0x000000070a400000, 0x000000070a500000|  0%| F|  |TAMS 0x000000070a400000, 0x000000070a400000| Untracked 
| 107|0x000000070a500000, 0x000000070a500000, 0x000000070a600000|  0%| F|  |TAMS 0x000000070a500000, 0x000000070a500000| Untracked 
| 108|0x000000070a600000, 0x000000070a600000, 0x000000070a700000|  0%| F|  |TAMS 0x000000070a600000, 0x000000070a600000| Untracked 
| 109|0x000000070a700000, 0x000000070a700000, 0x000000070a800000|  0%| F|  |TAMS 0x000000070a700000, 0x000000070a700000| Untracked 
| 110|0x000000070a800000, 0x000000070a800000, 0x000000070a900000|  0%| F|  |TAMS 0x000000070a800000, 0x000000070a800000| Untracked 
| 111|0x000000070a900000, 0x000000070a900000, 0x000000070aa00000|  0%| F|  |TAMS 0x000000070a900000, 0x000000070a900000| Untracked 
| 112|0x000000070aa00000, 0x000000070aa00000, 0x000000070ab00000|  0%| F|  |TAMS 0x000000070aa00000, 0x000000070aa00000| Untracked 
| 113|0x000000070ab00000, 0x000000070ab00000, 0x000000070ac00000|  0%| F|  |TAMS 0x000000070ab00000, 0x000000070ab00000| Untracked 
| 114|0x000000070ac00000, 0x000000070ac00000, 0x000000070ad00000|  0%| F|  |TAMS 0x000000070ac00000, 0x000000070ac00000| Untracked 
| 115|0x000000070ad00000, 0x000000070ad00000, 0x000000070ae00000|  0%| F|  |TAMS 0x000000070ad00000, 0x000000070ad00000| Untracked 
| 116|0x000000070ae00000, 0x000000070ae00000, 0x000000070af00000|  0%| F|  |TAMS 0x000000070ae00000, 0x000000070ae00000| Untracked 
| 117|0x000000070af00000, 0x000000070af00000, 0x000000070b000000|  0%| F|  |TAMS 0x000000070af00000, 0x000000070af00000| Untracked 
| 118|0x000000070b000000, 0x000000070b000000, 0x000000070b100000|  0%| F|  |TAMS 0x000000070b000000, 0x000000070b000000| Untracked 
| 119|0x000000070b100000, 0x000000070b100000, 0x000000070b200000|  0%| F|  |TAMS 0x000000070b100000, 0x000000070b100000| Untracked 
| 120|0x000000070b200000, 0x000000070b200000, 0x000000070b300000|  0%| F|  |TAMS 0x000000070b200000, 0x000000070b200000| Untracked 
| 121|0x000000070b300000, 0x000000070b300000, 0x000000070b400000|  0%| F|  |TAMS 0x000000070b300000, 0x000000070b300000| Untracked 
| 122|0x000000070b400000, 0x000000070b400000, 0x000000070b500000|  0%| F|  |TAMS 0x000000070b400000, 0x000000070b400000| Untracked 
| 123|0x000000070b500000, 0x000000070b500000, 0x000000070b600000|  0%| F|  |TAMS 0x000000070b500000, 0x000000070b500000| Untracked 
| 124|0x000000070b600000, 0x000000070b600000, 0x000000070b700000|  0%| F|  |TAMS 0x000000070b600000, 0x000000070b600000| Untracked 
| 125|0x000000070b700000, 0x000000070b700000, 0x000000070b800000|  0%| F|  |TAMS 0x000000070b700000, 0x000000070b700000| Untracked 
| 126|0x000000070b800000, 0x000000070b800000, 0x000000070b900000|  0%| F|  |TAMS 0x000000070b800000, 0x000000070b800000| Untracked 
| 127|0x000000070b900000, 0x000000070b900000, 0x000000070ba00000|  0%| F|  |TAMS 0x000000070b900000, 0x000000070b900000| Untracked 
| 128|0x000000070ba00000, 0x000000070ba00000, 0x000000070bb00000|  0%| F|  |TAMS 0x000000070ba00000, 0x000000070ba00000| Untracked 
| 129|0x000000070bb00000, 0x000000070bb00000, 0x000000070bc00000|  0%| F|  |TAMS 0x000000070bb00000, 0x000000070bb00000| Untracked 
| 130|0x000000070bc00000, 0x000000070bc00000, 0x000000070bd00000|  0%| F|  |TAMS 0x000000070bc00000, 0x000000070bc00000| Untracked 
| 131|0x000000070bd00000, 0x000000070bd00000, 0x000000070be00000|  0%| F|  |TAMS 0x000000070bd00000, 0x000000070bd00000| Untracked 
| 132|0x000000070be00000, 0x000000070be00000, 0x000000070bf00000|  0%| F|  |TAMS 0x000000070be00000, 0x000000070be00000| Untracked 
| 133|0x000000070bf00000, 0x000000070bf00000, 0x000000070c000000|  0%| F|  |TAMS 0x000000070bf00000, 0x000000070bf00000| Untracked 
| 134|0x000000070c000000, 0x000000070c000000, 0x000000070c100000|  0%| F|  |TAMS 0x000000070c000000, 0x000000070c000000| Untracked 
| 135|0x000000070c100000, 0x000000070c100000, 0x000000070c200000|  0%| F|  |TAMS 0x000000070c100000, 0x000000070c100000| Untracked 
| 136|0x000000070c200000, 0x000000070c200000, 0x000000070c300000|  0%| F|  |TAMS 0x000000070c200000, 0x000000070c200000| Untracked 
| 137|0x000000070c300000, 0x000000070c300000, 0x000000070c400000|  0%| F|  |TAMS 0x000000070c300000, 0x000000070c300000| Untracked 
| 138|0x000000070c400000, 0x000000070c400000, 0x000000070c500000|  0%| F|  |TAMS 0x000000070c400000, 0x000000070c400000| Untracked 
| 139|0x000000070c500000, 0x000000070c500000, 0x000000070c600000|  0%| F|  |TAMS 0x000000070c500000, 0x000000070c500000| Untracked 
| 140|0x000000070c600000, 0x000000070c600000, 0x000000070c700000|  0%| F|  |TAMS 0x000000070c600000, 0x000000070c600000| Untracked 
| 141|0x000000070c700000, 0x000000070c700000, 0x000000070c800000|  0%| F|  |TAMS 0x000000070c700000, 0x000000070c700000| Untracked 
| 142|0x000000070c800000, 0x000000070c800000, 0x000000070c900000|  0%| F|  |TAMS 0x000000070c800000, 0x000000070c800000| Untracked 
| 143|0x000000070c900000, 0x000000070c900000, 0x000000070ca00000|  0%| F|  |TAMS 0x000000070c900000, 0x000000070c900000| Untracked 
| 144|0x000000070ca00000, 0x000000070ca00000, 0x000000070cb00000|  0%| F|  |TAMS 0x000000070ca00000, 0x000000070ca00000| Untracked 
| 145|0x000000070cb00000, 0x000000070cb00000, 0x000000070cc00000|  0%| F|  |TAMS 0x000000070cb00000, 0x000000070cb00000| Untracked 
| 146|0x000000070cc00000, 0x000000070cc00000, 0x000000070cd00000|  0%| F|  |TAMS 0x000000070cc00000, 0x000000070cc00000| Untracked 
| 147|0x000000070cd00000, 0x000000070cd00000, 0x000000070ce00000|  0%| F|  |TAMS 0x000000070cd00000, 0x000000070cd00000| Untracked 
| 148|0x000000070ce00000, 0x000000070ce00000, 0x000000070cf00000|  0%| F|  |TAMS 0x000000070ce00000, 0x000000070ce00000| Untracked 
| 149|0x000000070cf00000, 0x000000070cf00000, 0x000000070d000000|  0%| F|  |TAMS 0x000000070cf00000, 0x000000070cf00000| Untracked 
| 150|0x000000070d000000, 0x000000070d000000, 0x000000070d100000|  0%| F|  |TAMS 0x000000070d000000, 0x000000070d000000| Untracked 
| 151|0x000000070d100000, 0x000000070d100000, 0x000000070d200000|  0%| F|  |TAMS 0x000000070d100000, 0x000000070d100000| Untracked 
| 152|0x000000070d200000, 0x000000070d200000, 0x000000070d300000|  0%| F|  |TAMS 0x000000070d200000, 0x000000070d200000| Untracked 
| 153|0x000000070d300000, 0x000000070d300000, 0x000000070d400000|  0%| F|  |TAMS 0x000000070d300000, 0x000000070d300000| Untracked 
| 154|0x000000070d400000, 0x000000070d400000, 0x000000070d500000|  0%| F|  |TAMS 0x000000070d400000, 0x000000070d400000| Untracked 
| 155|0x000000070d500000, 0x000000070d500000, 0x000000070d600000|  0%| F|  |TAMS 0x000000070d500000, 0x000000070d500000| Untracked 
| 156|0x000000070d600000, 0x000000070d600000, 0x000000070d700000|  0%| F|  |TAMS 0x000000070d600000, 0x000000070d600000| Untracked 
| 157|0x000000070d700000, 0x000000070d700000, 0x000000070d800000|  0%| F|  |TAMS 0x000000070d700000, 0x000000070d700000| Untracked 
| 158|0x000000070d800000, 0x000000070d800000, 0x000000070d900000|  0%| F|  |TAMS 0x000000070d800000, 0x000000070d800000| Untracked 
| 159|0x000000070d900000, 0x000000070d900000, 0x000000070da00000|  0%| F|  |TAMS 0x000000070d900000, 0x000000070d900000| Untracked 
| 160|0x000000070da00000, 0x000000070da00000, 0x000000070db00000|  0%| F|  |TAMS 0x000000070da00000, 0x000000070da00000| Untracked 
| 161|0x000000070db00000, 0x000000070db00000, 0x000000070dc00000|  0%| F|  |TAMS 0x000000070db00000, 0x000000070db00000| Untracked 
| 162|0x000000070dc00000, 0x000000070dc00000, 0x000000070dd00000|  0%| F|  |TAMS 0x000000070dc00000, 0x000000070dc00000| Untracked 
| 163|0x000000070dd00000, 0x000000070dd00000, 0x000000070de00000|  0%| F|  |TAMS 0x000000070dd00000, 0x000000070dd00000| Untracked 
| 164|0x000000070de00000, 0x000000070de00000, 0x000000070df00000|  0%| F|  |TAMS 0x000000070de00000, 0x000000070de00000| Untracked 
| 165|0x000000070df00000, 0x000000070df00000, 0x000000070e000000|  0%| F|  |TAMS 0x000000070df00000, 0x000000070df00000| Untracked 
| 166|0x000000070e000000, 0x000000070e000000, 0x000000070e100000|  0%| F|  |TAMS 0x000000070e000000, 0x000000070e000000| Untracked 
| 167|0x000000070e100000, 0x000000070e100000, 0x000000070e200000|  0%| F|  |TAMS 0x000000070e100000, 0x000000070e100000| Untracked 
| 168|0x000000070e200000, 0x000000070e200000, 0x000000070e300000|  0%| F|  |TAMS 0x000000070e200000, 0x000000070e200000| Untracked 
| 169|0x000000070e300000, 0x000000070e300000, 0x000000070e400000|  0%| F|  |TAMS 0x000000070e300000, 0x000000070e300000| Untracked 
| 170|0x000000070e400000, 0x000000070e400000, 0x000000070e500000|  0%| F|  |TAMS 0x000000070e400000, 0x000000070e400000| Untracked 
| 171|0x000000070e500000, 0x000000070e500000, 0x000000070e600000|  0%| F|  |TAMS 0x000000070e500000, 0x000000070e500000| Untracked 
| 172|0x000000070e600000, 0x000000070e600000, 0x000000070e700000|  0%| F|  |TAMS 0x000000070e600000, 0x000000070e600000| Untracked 
| 173|0x000000070e700000, 0x000000070e700000, 0x000000070e800000|  0%| F|  |TAMS 0x000000070e700000, 0x000000070e700000| Untracked 
| 174|0x000000070e800000, 0x000000070e800000, 0x000000070e900000|  0%| F|  |TAMS 0x000000070e800000, 0x000000070e800000| Untracked 
| 175|0x000000070e900000, 0x000000070e900000, 0x000000070ea00000|  0%| F|  |TAMS 0x000000070e900000, 0x000000070e900000| Untracked 
| 176|0x000000070ea00000, 0x000000070ea00000, 0x000000070eb00000|  0%| F|  |TAMS 0x000000070ea00000, 0x000000070ea00000| Untracked 
| 177|0x000000070eb00000, 0x000000070eb00000, 0x000000070ec00000|  0%| F|  |TAMS 0x000000070eb00000, 0x000000070eb00000| Untracked 
| 178|0x000000070ec00000, 0x000000070ec00000, 0x000000070ed00000|  0%| F|  |TAMS 0x000000070ec00000, 0x000000070ec00000| Untracked 
| 179|0x000000070ed00000, 0x000000070ed00000, 0x000000070ee00000|  0%| F|  |TAMS 0x000000070ed00000, 0x000000070ed00000| Untracked 
| 180|0x000000070ee00000, 0x000000070ee00000, 0x000000070ef00000|  0%| F|  |TAMS 0x000000070ee00000, 0x000000070ee00000| Untracked 
| 181|0x000000070ef00000, 0x000000070ef00000, 0x000000070f000000|  0%| F|  |TAMS 0x000000070ef00000, 0x000000070ef00000| Untracked 
| 182|0x000000070f000000, 0x000000070f000000, 0x000000070f100000|  0%| F|  |TAMS 0x000000070f000000, 0x000000070f000000| Untracked 
| 183|0x000000070f100000, 0x000000070f100000, 0x000000070f200000|  0%| F|  |TAMS 0x000000070f100000, 0x000000070f100000| Untracked 
| 184|0x000000070f200000, 0x000000070f200000, 0x000000070f300000|  0%| F|  |TAMS 0x000000070f200000, 0x000000070f200000| Untracked 
| 185|0x000000070f300000, 0x000000070f300000, 0x000000070f400000|  0%| F|  |TAMS 0x000000070f300000, 0x000000070f300000| Untracked 
| 186|0x000000070f400000, 0x000000070f400000, 0x000000070f500000|  0%| F|  |TAMS 0x000000070f400000, 0x000000070f400000| Untracked 
| 187|0x000000070f500000, 0x000000070f500000, 0x000000070f600000|  0%| F|  |TAMS 0x000000070f500000, 0x000000070f500000| Untracked 
| 188|0x000000070f600000, 0x000000070f600000, 0x000000070f700000|  0%| F|  |TAMS 0x000000070f600000, 0x000000070f600000| Untracked 
| 189|0x000000070f700000, 0x000000070f700000, 0x000000070f800000|  0%| F|  |TAMS 0x000000070f700000, 0x000000070f700000| Untracked 
| 190|0x000000070f800000, 0x000000070f800000, 0x000000070f900000|  0%| F|  |TAMS 0x000000070f800000, 0x000000070f800000| Untracked 
| 191|0x000000070f900000, 0x000000070f900000, 0x000000070fa00000|  0%| F|  |TAMS 0x000000070f900000, 0x000000070f900000| Untracked 
| 192|0x000000070fa00000, 0x000000070fa00000, 0x000000070fb00000|  0%| F|  |TAMS 0x000000070fa00000, 0x000000070fa00000| Untracked 
| 193|0x000000070fb00000, 0x000000070fb00000, 0x000000070fc00000|  0%| F|  |TAMS 0x000000070fb00000, 0x000000070fb00000| Untracked 
| 194|0x000000070fc00000, 0x000000070fc00000, 0x000000070fd00000|  0%| F|  |TAMS 0x000000070fc00000, 0x000000070fc00000| Untracked 
| 195|0x000000070fd00000, 0x000000070fd1cf90, 0x000000070fe00000| 11%| S|CS|TAMS 0x000000070fd00000, 0x000000070fd00000| Complete 
| 196|0x000000070fe00000, 0x000000070ff00000, 0x000000070ff00000|100%| S|CS|TAMS 0x000000070fe00000, 0x000000070fe00000| Complete 
| 197|0x000000070ff00000, 0x0000000710000000, 0x0000000710000000|100%| S|CS|TAMS 0x000000070ff00000, 0x000000070ff00000| Complete 
| 198|0x0000000710000000, 0x0000000710100000, 0x0000000710100000|100%| S|CS|TAMS 0x0000000710000000, 0x0000000710000000| Complete 
| 199|0x0000000710100000, 0x0000000710200000, 0x0000000710200000|100%| S|CS|TAMS 0x0000000710100000, 0x0000000710100000| Complete 
| 200|0x0000000710200000, 0x0000000710200000, 0x0000000710300000|  0%| F|  |TAMS 0x0000000710200000, 0x0000000710200000| Untracked 
| 201|0x0000000710300000, 0x0000000710300000, 0x0000000710400000|  0%| F|  |TAMS 0x0000000710300000, 0x0000000710300000| Untracked 
| 202|0x0000000710400000, 0x0000000710400000, 0x0000000710500000|  0%| F|  |TAMS 0x0000000710400000, 0x0000000710400000| Untracked 
| 203|0x0000000710500000, 0x0000000710500000, 0x0000000710600000|  0%| F|  |TAMS 0x0000000710500000, 0x0000000710500000| Untracked 
| 204|0x0000000710600000, 0x0000000710600000, 0x0000000710700000|  0%| F|  |TAMS 0x0000000710600000, 0x0000000710600000| Untracked 
| 205|0x0000000710700000, 0x0000000710700000, 0x0000000710800000|  0%| F|  |TAMS 0x0000000710700000, 0x0000000710700000| Untracked 
| 206|0x0000000710800000, 0x0000000710800000, 0x0000000710900000|  0%| F|  |TAMS 0x0000000710800000, 0x0000000710800000| Untracked 
| 207|0x0000000710900000, 0x0000000710900000, 0x0000000710a00000|  0%| F|  |TAMS 0x0000000710900000, 0x0000000710900000| Untracked 
| 208|0x0000000710a00000, 0x0000000710a00000, 0x0000000710b00000|  0%| F|  |TAMS 0x0000000710a00000, 0x0000000710a00000| Untracked 
| 209|0x0000000710b00000, 0x0000000710b00000, 0x0000000710c00000|  0%| F|  |TAMS 0x0000000710b00000, 0x0000000710b00000| Untracked 
| 210|0x0000000710c00000, 0x0000000710c00000, 0x0000000710d00000|  0%| F|  |TAMS 0x0000000710c00000, 0x0000000710c00000| Untracked 
| 211|0x0000000710d00000, 0x0000000710d00000, 0x0000000710e00000|  0%| F|  |TAMS 0x0000000710d00000, 0x0000000710d00000| Untracked 
| 212|0x0000000710e00000, 0x0000000710e00000, 0x0000000710f00000|  0%| F|  |TAMS 0x0000000710e00000, 0x0000000710e00000| Untracked 
| 213|0x0000000710f00000, 0x0000000710f80800, 0x0000000711000000| 50%| E|  |TAMS 0x0000000710f00000, 0x0000000710f00000| Complete 
| 214|0x0000000711000000, 0x0000000711100000, 0x0000000711100000|100%| E|CS|TAMS 0x0000000711000000, 0x0000000711000000| Complete 
| 215|0x0000000711100000, 0x0000000711200000, 0x0000000711200000|100%| E|CS|TAMS 0x0000000711100000, 0x0000000711100000| Complete 
| 216|0x0000000711200000, 0x0000000711300000, 0x0000000711300000|100%| E|CS|TAMS 0x0000000711200000, 0x0000000711200000| Complete 
| 217|0x0000000711300000, 0x0000000711400000, 0x0000000711400000|100%| E|CS|TAMS 0x0000000711300000, 0x0000000711300000| Complete 
| 218|0x0000000711400000, 0x0000000711500000, 0x0000000711500000|100%| E|CS|TAMS 0x0000000711400000, 0x0000000711400000| Complete 
| 219|0x0000000711500000, 0x0000000711600000, 0x0000000711600000|100%| E|CS|TAMS 0x0000000711500000, 0x0000000711500000| Complete 
| 220|0x0000000711600000, 0x0000000711700000, 0x0000000711700000|100%| E|CS|TAMS 0x0000000711600000, 0x0000000711600000| Complete 
| 221|0x0000000711700000, 0x0000000711800000, 0x0000000711800000|100%| E|CS|TAMS 0x0000000711700000, 0x0000000711700000| Complete 
| 222|0x0000000711800000, 0x0000000711900000, 0x0000000711900000|100%| E|CS|TAMS 0x0000000711800000, 0x0000000711800000| Complete 
| 223|0x0000000711900000, 0x0000000711a00000, 0x0000000711a00000|100%| E|CS|TAMS 0x0000000711900000, 0x0000000711900000| Complete 
| 224|0x0000000711a00000, 0x0000000711b00000, 0x0000000711b00000|100%| E|CS|TAMS 0x0000000711a00000, 0x0000000711a00000| Complete 
| 225|0x0000000711b00000, 0x0000000711c00000, 0x0000000711c00000|100%| E|CS|TAMS 0x0000000711b00000, 0x0000000711b00000| Complete 
| 226|0x0000000711c00000, 0x0000000711d00000, 0x0000000711d00000|100%| E|CS|TAMS 0x0000000711c00000, 0x0000000711c00000| Complete 
| 227|0x0000000711d00000, 0x0000000711e00000, 0x0000000711e00000|100%| E|CS|TAMS 0x0000000711d00000, 0x0000000711d00000| Complete 
| 228|0x0000000711e00000, 0x0000000711f00000, 0x0000000711f00000|100%| E|CS|TAMS 0x0000000711e00000, 0x0000000711e00000| Complete 
| 229|0x0000000711f00000, 0x0000000712000000, 0x0000000712000000|100%| E|CS|TAMS 0x0000000711f00000, 0x0000000711f00000| Complete 
| 230|0x0000000712000000, 0x0000000712100000, 0x0000000712100000|100%| E|CS|TAMS 0x0000000712000000, 0x0000000712000000| Complete 
| 231|0x0000000712100000, 0x0000000712200000, 0x0000000712200000|100%| E|CS|TAMS 0x0000000712100000, 0x0000000712100000| Complete 
| 232|0x0000000712200000, 0x0000000712300000, 0x0000000712300000|100%| E|CS|TAMS 0x0000000712200000, 0x0000000712200000| Complete 
| 233|0x0000000712300000, 0x0000000712400000, 0x0000000712400000|100%| E|CS|TAMS 0x0000000712300000, 0x0000000712300000| Complete 
| 234|0x0000000712400000, 0x0000000712500000, 0x0000000712500000|100%| E|CS|TAMS 0x0000000712400000, 0x0000000712400000| Complete 
| 235|0x0000000712500000, 0x0000000712600000, 0x0000000712600000|100%| E|CS|TAMS 0x0000000712500000, 0x0000000712500000| Complete 
| 236|0x0000000712600000, 0x0000000712700000, 0x0000000712700000|100%| E|CS|TAMS 0x0000000712600000, 0x0000000712600000| Complete 
| 237|0x0000000712700000, 0x0000000712800000, 0x0000000712800000|100%| E|CS|TAMS 0x0000000712700000, 0x0000000712700000| Complete 
| 238|0x0000000712800000, 0x0000000712900000, 0x0000000712900000|100%| E|CS|TAMS 0x0000000712800000, 0x0000000712800000| Complete 
| 239|0x0000000712900000, 0x0000000712a00000, 0x0000000712a00000|100%| E|CS|TAMS 0x0000000712900000, 0x0000000712900000| Complete 
| 240|0x0000000712a00000, 0x0000000712b00000, 0x0000000712b00000|100%| E|CS|TAMS 0x0000000712a00000, 0x0000000712a00000| Complete 
| 241|0x0000000712b00000, 0x0000000712c00000, 0x0000000712c00000|100%| E|CS|TAMS 0x0000000712b00000, 0x0000000712b00000| Complete 
| 242|0x0000000712c00000, 0x0000000712d00000, 0x0000000712d00000|100%| E|CS|TAMS 0x0000000712c00000, 0x0000000712c00000| Complete 
| 243|0x0000000712d00000, 0x0000000712e00000, 0x0000000712e00000|100%| E|CS|TAMS 0x0000000712d00000, 0x0000000712d00000| Complete 
| 244|0x0000000712e00000, 0x0000000712f00000, 0x0000000712f00000|100%| E|CS|TAMS 0x0000000712e00000, 0x0000000712e00000| Complete 
| 245|0x0000000712f00000, 0x0000000713000000, 0x0000000713000000|100%| E|CS|TAMS 0x0000000712f00000, 0x0000000712f00000| Complete 
| 246|0x0000000713000000, 0x0000000713100000, 0x0000000713100000|100%| E|CS|TAMS 0x0000000713000000, 0x0000000713000000| Complete 
| 247|0x0000000713100000, 0x0000000713200000, 0x0000000713200000|100%| E|CS|TAMS 0x0000000713100000, 0x0000000713100000| Complete 
| 248|0x0000000713200000, 0x0000000713300000, 0x0000000713300000|100%| E|CS|TAMS 0x0000000713200000, 0x0000000713200000| Complete 
| 249|0x0000000713300000, 0x0000000713400000, 0x0000000713400000|100%| E|CS|TAMS 0x0000000713300000, 0x0000000713300000| Complete 
| 250|0x0000000713400000, 0x0000000713500000, 0x0000000713500000|100%| E|CS|TAMS 0x0000000713400000, 0x0000000713400000| Complete 
| 251|0x0000000713500000, 0x0000000713600000, 0x0000000713600000|100%| E|CS|TAMS 0x0000000713500000, 0x0000000713500000| Complete 
| 252|0x0000000713600000, 0x0000000713700000, 0x0000000713700000|100%| E|CS|TAMS 0x0000000713600000, 0x0000000713600000| Complete 
| 253|0x0000000713700000, 0x0000000713800000, 0x0000000713800000|100%| E|CS|TAMS 0x0000000713700000, 0x0000000713700000| Complete 

Card table byte_map: [0x000001cb436c0000,0x000001cb43eb0000] _byte_map_base: 0x000001cb3fea3000

Marking Bits (Prev, Next): (CMBitMap*) 0x000001cb298c7310, (CMBitMap*) 0x000001cb298c72d8
 Prev Bits: [0x000001cb485c0000, 0x000001cb4c4d8000)
 Next Bits: [0x000001cb446a0000, 0x000001cb485b8000)

Polling page: 0x000001cb29940000

Metaspace:

Usage:
  Non-class:     30.07 MB capacity,    29.69 MB ( 99%) used,   312.64 KB (  1%) free+waste,    85.56 KB ( <1%) overhead. 
      Class:      4.28 MB capacity,     4.00 MB ( 93%) used,   245.22 KB (  6%) free+waste,    40.19 KB ( <1%) overhead. 
       Both:     34.36 MB capacity,    33.69 MB ( 98%) used,   557.86 KB (  2%) free+waste,   125.75 KB ( <1%) overhead. 

Virtual space:
  Non-class space:       32.00 MB reserved,      30.25 MB ( 95%) committed 
      Class space:        1.00 GB reserved,       4.38 MB ( <1%) committed 
             Both:        1.03 GB reserved,      34.62 MB (  3%) committed 

Chunk freelists:
   Non-Class:  6.00 KB
       Class:  3.75 KB
        Both:  9.75 KB

CodeHeap 'non-profiled nmethods': size=120000Kb used=1211Kb max_used=1211Kb free=118788Kb
 bounds [0x000001cb3af40000, 0x000001cb3b1b0000, 0x000001cb42470000]
CodeHeap 'profiled nmethods': size=120000Kb used=6026Kb max_used=6026Kb free=113973Kb
 bounds [0x000001cb33a10000, 0x000001cb34000000, 0x000001cb3af40000]
CodeHeap 'non-nmethods': size=5760Kb used=1171Kb max_used=1213Kb free=4588Kb
 bounds [0x000001cb33470000, 0x000001cb336e0000, 0x000001cb33a10000]
 total_blobs=3138 nmethods=2657 adapters=391
 compilation: enabled
              stopped_count=0, restarted_count=0
 full_count=0

Compilation events (10 events):
Event: 1.638 Thread 0x000001cb4f95e800 2833       1       com.sun.org.apache.xerces.internal.impl.xs.XSComplexTypeDecl::getSimpleType (5 bytes)
Event: 1.638 Thread 0x000001cb4f95e800 nmethod 2833 0x000001cb3b05d910 code [0x000001cb3b05daa0, 0x000001cb3b05dbb8]
Event: 1.648 Thread 0x000001cb4f95e800 2878       1       sun.nio.fs.NativeBuffer::owner (5 bytes)
Event: 1.648 Thread 0x000001cb4f95e800 nmethod 2878 0x000001cb3b05dc10 code [0x000001cb3b05dda0, 0x000001cb3b05deb8]
Event: 1.649 Thread 0x000001cb4f95e800 2879       3       sun.nio.fs.WindowsFileAttributes::lastModifiedTime (8 bytes)
Event: 1.649 Thread 0x000001cb4f95e800 nmethod 2879 0x000001cb33fe6210 code [0x000001cb33fe63e0, 0x000001cb33fe6858]
Event: 1.649 Thread 0x000001cb4f95e800 2880       3       sun.nio.fs.WindowsFileAttributes::toFileTime (20 bytes)
Event: 1.649 Thread 0x000001cb4f95e800 nmethod 2880 0x000001cb33fe6a10 code [0x000001cb33fe6be0, 0x000001cb33fe6fd8]
Event: 1.649 Thread 0x000001cb4f95e800 2881  s    3       jdk.internal.perf.PerfCounter::add (18 bytes)
Event: 1.649 Thread 0x000001cb4f95e800 nmethod 2881 0x000001cb33fe7190 code [0x000001cb33fe7360, 0x000001cb33fe7a40]

GC Heap History (8 events):
Event: 0.554 GC heap before
{Heap before GC invocations=0 (full 0):
 garbage-first heap   total 260096K, used 23552K [0x0000000703a00000, 0x0000000800000000)
  region size 1024K, 24 young (24576K), 0 survivors (0K)
 Metaspace       used 13424K, capacity 13614K, committed 13824K, reserved 1060864K
  class space    used 1330K, capacity 1418K, committed 1536K, reserved 1048576K
}
Event: 0.559 GC heap after
{Heap after GC invocations=1 (full 0):
 garbage-first heap   total 260096K, used 6311K [0x0000000703a00000, 0x0000000800000000)
  region size 1024K, 3 young (3072K), 3 survivors (3072K)
 Metaspace       used 13424K, capacity 13614K, committed 13824K, reserved 1060864K
  class space    used 1330K, capacity 1418K, committed 1536K, reserved 1048576K
}
Event: 0.919 GC heap before
{Heap before GC invocations=1 (full 0):
 garbage-first heap   total 260096K, used 41127K [0x0000000703a00000, 0x0000000800000000)
  region size 1024K, 38 young (38912K), 3 survivors (3072K)
 Metaspace       used 20406K, capacity 20820K, committed 20992K, reserved 1067008K
  class space    used 2308K, capacity 2478K, committed 2560K, reserved 1048576K
}
Event: 0.923 GC heap after
{Heap after GC invocations=2 (full 0):
 garbage-first heap   total 260096K, used 8213K [0x0000000703a00000, 0x0000000800000000)
  region size 1024K, 2 young (2048K), 2 survivors (2048K)
 Metaspace       used 20406K, capacity 20820K, committed 20992K, reserved 1067008K
  class space    used 2308K, capacity 2478K, committed 2560K, reserved 1048576K
}
Event: 0.940 GC heap before
{Heap before GC invocations=2 (full 0):
 garbage-first heap   total 260096K, used 12309K [0x0000000703a00000, 0x0000000800000000)
  region size 1024K, 7 young (7168K), 2 survivors (2048K)
 Metaspace       used 20772K, capacity 21149K, committed 21248K, reserved 1069056K
  class space    used 2377K, capacity 2545K, committed 2560K, reserved 1048576K
}
Event: 0.943 GC heap after
{Heap after GC invocations=3 (full 0):
 garbage-first heap   total 260096K, used 8253K [0x0000000703a00000, 0x0000000800000000)
  region size 1024K, 2 young (2048K), 2 survivors (2048K)
 Metaspace       used 20772K, capacity 21149K, committed 21248K, reserved 1069056K
  class space    used 2377K, capacity 2545K, committed 2560K, reserved 1048576K
}
Event: 1.273 GC heap before
{Heap before GC invocations=4 (full 0):
 garbage-first heap   total 260096K, used 60477K [0x0000000703a00000, 0x0000000800000000)
  region size 1024K, 54 young (55296K), 2 survivors (2048K)
 Metaspace       used 27740K, capacity 28411K, committed 28668K, reserved 1075200K
  class space    used 3282K, capacity 3543K, committed 3584K, reserved 1048576K
}
Event: 1.277 GC heap after
{Heap after GC invocations=5 (full 0):
 garbage-first heap   total 260096K, used 10514K [0x0000000703a00000, 0x0000000800000000)
  region size 1024K, 5 young (5120K), 5 survivors (5120K)
 Metaspace       used 27740K, capacity 28411K, committed 28668K, reserved 1075200K
  class space    used 3282K, capacity 3543K, committed 3584K, reserved 1048576K
}

Deoptimization events (10 events):
Event: 1.452 Thread 0x000001cb2978e800 Uncommon trap: reason=unstable_if action=reinterpret pc=0x000001cb3afdf168 method=java.util.Properties$LineReader.readLine()I @ 25 c2
Event: 1.452 Thread 0x000001cb2978e800 Uncommon trap: reason=unstable_if action=reinterpret pc=0x000001cb3af81bb4 method=java.util.Properties.loadConvert([CIILjava/lang/StringBuilder;)Ljava/lang/String; @ 26 c2
Event: 1.452 Thread 0x000001cb2978e800 Uncommon trap: reason=predicate action=maybe_recompile pc=0x000001cb3afdd8cc method=java.util.Properties$LineReader.readLine()I @ 53 c2
Event: 1.452 Thread 0x000001cb2978e800 Uncommon trap: reason=unstable_if action=reinterpret pc=0x000001cb3afe8c44 method=java.nio.Buffer.position(I)Ljava/nio/Buffer; @ 45 c2
Event: 1.471 Thread 0x000001cb2978e800 Uncommon trap: reason=unstable_if action=reinterpret pc=0x000001cb3afe03f8 method=java.util.Properties.load0(Ljava/util/Properties$LineReader;)V @ 114 c2
Event: 1.502 Thread 0x000001cb2978e800 Uncommon trap: reason=intrinsic_or_type_checked_inlining action=make_not_entrant pc=0x000001cb3b03a280 method=java.util.Arrays.copyOf([Ljava/lang/Object;ILjava/lang/Class;)[Ljava/lang/Object; @ 35 c2
Event: 1.560 Thread 0x000001cb2978e800 Uncommon trap: reason=unstable_if action=reinterpret pc=0x000001cb3b041044 method=com.sun.org.apache.xerces.internal.impl.XMLEntityScanner.peekChar()I @ 14 c2
Event: 1.632 Thread 0x000001cb2978e800 Uncommon trap: reason=unstable_if action=reinterpret pc=0x000001cb3b021750 method=java.util.HashMap.putVal(ILjava/lang/Object;Ljava/lang/Object;ZZ)Ljava/lang/Object; @ 162 c2
Event: 1.632 Thread 0x000001cb2978e800 Uncommon trap: reason=unstable_if action=reinterpret pc=0x000001cb3afcebec method=java.util.HashMap.getNode(ILjava/lang/Object;)Ljava/util/HashMap$Node; @ 84 c2
Event: 1.632 Thread 0x000001cb2978e800 Uncommon trap: reason=unstable_if action=reinterpret pc=0x000001cb3afcdfe0 method=java.util.HashMap.getNode(ILjava/lang/Object;)Ljava/util/HashMap$Node; @ 84 c2

Classes redefined (0 events):
No events

Internal exceptions (10 events):
Event: 1.120 Thread 0x000001cb2978e800 Exception <a 'java/lang/NoSuchMethodError'{0x0000000711731b08}: java.lang.invoke.DirectMethodHandle$Holder.invokeInterface(Ljava/lang/Object;Ljava/lang/Object;Ljava/lang/Object;Ljava/lang/Object;)V> (0x0000000711731b08) thrown at [./open/src/hotspot/share
Event: 1.210 Thread 0x000001cb2978e800 Exception <a 'java/lang/NoSuchMethodError'{0x0000000710cbaaf8}: java.lang.invoke.DelegatingMethodHandle$Holder.delegate(Ljava/lang/Object;Ljava/lang/Object;ILjava/lang/Object;)V> (0x0000000710cbaaf8) thrown at [./open/src/hotspot/share/interpreter/linkRes
Event: 1.259 Thread 0x000001cb50a3a800 Exception <a 'java/lang/NoSuchMethodError'{0x0000000710493558}: java.lang.invoke.DirectMethodHandle$Holder.invokeSpecial(Ljava/lang/Object;Ljava/lang/Object;)J> (0x0000000710493558) thrown at [./open/src/hotspot/share/interpreter/linkResolver.cpp, line 77
Event: 1.261 Thread 0x000001cb50a3a800 Exception <a 'java/lang/NoSuchMethodError'{0x000000071049d8a0}: java.lang.invoke.DirectMethodHandle$Holder.invokeStatic(Ljava/lang/Object;Ljava/lang/Object;)J> (0x000000071049d8a0) thrown at [./open/src/hotspot/share/interpreter/linkResolver.cpp, line 772
Event: 1.261 Thread 0x000001cb50a3a800 Exception <a 'java/lang/NoSuchMethodError'{0x00000007104a06c8}: java.lang.invoke.DirectMethodHandle$Holder.invokeStaticInit(Ljava/lang/Object;Ljava/lang/Object;)J> (0x00000007104a06c8) thrown at [./open/src/hotspot/share/interpreter/linkResolver.cpp, line
Event: 1.263 Thread 0x000001cb50a3a800 Exception <a 'java/lang/NoSuchMethodError'{0x00000007104acae8}: java.lang.invoke.DirectMethodHandle$Holder.invokeInterface(Ljava/lang/Object;Ljava/lang/Object;)J> (0x00000007104acae8) thrown at [./open/src/hotspot/share/interpreter/linkResolver.cpp, line 
Event: 1.263 Thread 0x000001cb50a3a800 Exception <a 'java/lang/IncompatibleClassChangeError'{0x00000007104af880}: Found class java.lang.Object, but interface was expected> (0x00000007104af880) thrown at [./open/src/hotspot/share/interpreter/linkResolver.cpp, line 838]
Event: 1.325 Thread 0x000001cb50a3a800 Exception <a 'java/lang/NoSuchMethodError'{0x00000007132ea728}: java.lang.invoke.DirectMethodHandle$Holder.invokeVirtual(Ljava/lang/Object;Ljava/lang/Object;Ljava/lang/Object;Ljava/lang/Object;)Ljava/lang/Object;> (0x00000007132ea728) thrown at [./open/sr
Event: 1.450 Thread 0x000001cb2978e800 Exception <a 'java/lang/ClassNotFoundException'{0x00000007126c23c8}: com/sun/org/apache/xerces/internal/impl/xpath/regex/spi/messageProvider> (0x00000007126c23c8) thrown at [./open/src/hotspot/share/classfile/systemDictionary.cpp, line 228]
Event: 1.452 Thread 0x000001cb2978e800 Implicit null exception at 0x000001cb3afdc942 to 0x000001cb3afdd882

Events (10 events):
Event: 1.654 loading class org/apache/camel/spring/CamelEndpointFactoryBean
Event: 1.654 loading class org/apache/camel/spring/CamelEndpointFactoryBean done
Event: 1.654 loading class org/apache/camel/core/xml/AbstractCamelEndpointFactoryBean
Event: 1.654 loading class org/apache/camel/core/xml/AbstractCamelEndpointFactoryBean done
Event: 1.655 loading class org/apache/camel/core/xml/AbstractCamelFactoryBean
Event: 1.655 loading class org/apache/camel/core/xml/AbstractCamelFactoryBean done
Event: 1.655 loading class org/apache/camel/CamelContextAware
Event: 1.655 loading class org/apache/camel/CamelContextAware done
Event: 1.655 loading class org/apache/camel/model/IdentifiedType
Event: 1.655 loading class org/apache/camel/model/IdentifiedType done


Dynamic libraries:
0x00007ff701bb0000 - 0x00007ff701bbf000 	C:\java\jdk-11.0.8\bin\javaw.exe
0x00007ff9b7cd0000 - 0x00007ff9b7ec8000 	C:\WINDOWS\SYSTEM32\ntdll.dll
0x00007ff9b6fc0000 - 0x00007ff9b707f000 	C:\WINDOWS\System32\KERNEL32.DLL
0x00007ff9b54c0000 - 0x00007ff9b5792000 	C:\WINDOWS\System32\KERNELBASE.dll
0x00007ff9b5c10000 - 0x00007ff9b5d10000 	C:\WINDOWS\System32\ucrtbase.dll
0x00007ff996eb0000 - 0x00007ff996ec8000 	C:\java\jdk-11.0.8\bin\jli.dll
0x00007ff996ed0000 - 0x00007ff996ee5000 	C:\java\jdk-11.0.8\bin\VCRUNTIME140.dll
0x00007ff9b6d90000 - 0x00007ff9b6e3e000 	C:\WINDOWS\System32\ADVAPI32.dll
0x00007ff9b6a70000 - 0x00007ff9b6b0e000 	C:\WINDOWS\System32\msvcrt.dll
0x00007ff9b6b10000 - 0x00007ff9b6bac000 	C:\WINDOWS\System32\sechost.dll
0x00007ff9b6c60000 - 0x00007ff9b6d85000 	C:\WINDOWS\System32\RPCRT4.dll
0x00007ff9b74f0000 - 0x00007ff9b7691000 	C:\WINDOWS\System32\USER32.dll
0x00007ff998250000 - 0x00007ff9984ea000 	C:\WINDOWS\WinSxS\amd64_microsoft.windows.common-controls_6595b64144ccf1df_6.0.19041.1110_none_60b5254171f9507e\COMCTL32.dll
0x00007ff9b5be0000 - 0x00007ff9b5c02000 	C:\WINDOWS\System32\win32u.dll
0x00007ff9b7bd0000 - 0x00007ff9b7bfb000 	C:\WINDOWS\System32\GDI32.dll
0x00007ff9b5a60000 - 0x00007ff9b5b6f000 	C:\WINDOWS\System32\gdi32full.dll
0x00007ff9b57a0000 - 0x00007ff9b583d000 	C:\WINDOWS\System32\msvcp_win.dll
0x00007ff9a9310000 - 0x00007ff9a931a000 	C:\WINDOWS\SYSTEM32\VERSION.dll
0x00007ff9b6c10000 - 0x00007ff9b6c42000 	C:\WINDOWS\System32\IMM32.DLL
0x00007ff9707f0000 - 0x00007ff97088b000 	C:\java\jdk-11.0.8\bin\msvcp140.dll
0x00007ff937620000 - 0x00007ff938106000 	C:\java\jdk-11.0.8\bin\server\jvm.dll
0x00007ff9b7880000 - 0x00007ff9b7888000 	C:\WINDOWS\System32\PSAPI.DLL
0x00007ff9a21c0000 - 0x00007ff9a21c9000 	C:\WINDOWS\SYSTEM32\WSOCK32.dll
0x00007ff9b2af0000 - 0x00007ff9b2b17000 	C:\WINDOWS\SYSTEM32\WINMM.dll
0x00007ff9b6a00000 - 0x00007ff9b6a6b000 	C:\WINDOWS\System32\WS2_32.dll
0x00007ff9b3160000 - 0x00007ff9b3172000 	C:\WINDOWS\SYSTEM32\kernel.appcore.dll
0x00007ff99b5d0000 - 0x00007ff99b5e0000 	C:\java\jdk-11.0.8\bin\verify.dll
0x00007ff9b2900000 - 0x00007ff9b2ae4000 	C:\WINDOWS\SYSTEM32\DBGHELP.DLL
0x00007ff9b28a0000 - 0x00007ff9b28d5000 	C:\WINDOWS\SYSTEM32\dbgcore.DLL
0x00007ff9b5840000 - 0x00007ff9b58c2000 	C:\WINDOWS\System32\bcryptPrimitives.dll
0x00007ff990e90000 - 0x00007ff990eb8000 	C:\java\jdk-11.0.8\bin\java.dll
0x00007ff99b2b0000 - 0x00007ff99b2ba000 	C:\java\jdk-11.0.8\bin\jimage.dll
0x00007ff98d480000 - 0x00007ff98d496000 	C:\java\jdk-11.0.8\bin\zip.dll
0x00007ff9b6250000 - 0x00007ff9b6995000 	C:\WINDOWS\System32\SHELL32.dll
0x00007ff9b3440000 - 0x00007ff9b3bd2000 	C:\WINDOWS\SYSTEM32\windows.storage.dll
0x00007ff9b5dc0000 - 0x00007ff9b6115000 	C:\WINDOWS\System32\combase.dll
0x00007ff9b4d40000 - 0x00007ff9b4d70000 	C:\WINDOWS\SYSTEM32\Wldp.dll
0x00007ff9b5d10000 - 0x00007ff9b5dbd000 	C:\WINDOWS\System32\SHCORE.dll
0x00007ff9b6e40000 - 0x00007ff9b6e95000 	C:\WINDOWS\System32\shlwapi.dll
0x00007ff9b5300000 - 0x00007ff9b531f000 	C:\WINDOWS\SYSTEM32\profapi.dll
0x00007ff98d460000 - 0x00007ff98d479000 	C:\java\jdk-11.0.8\bin\net.dll
0x00007ff9ad180000 - 0x00007ff9ad28c000 	C:\WINDOWS\SYSTEM32\WINHTTP.dll
0x00007ff9b4b20000 - 0x00007ff9b4b8a000 	C:\WINDOWS\system32\mswsock.dll
0x00007ff989610000 - 0x00007ff989622000 	C:\java\jdk-11.0.8\bin\nio.dll
0x00007ff99a4c0000 - 0x00007ff99a4c9000 	C:\java\jdk-11.0.8\bin\management.dll
0x00007ff996ea0000 - 0x00007ff996eab000 	C:\java\jdk-11.0.8\bin\management_ext.dll
0x00007ff97ce60000 - 0x00007ff97ce77000 	C:\WINDOWS\system32\napinsp.dll
0x00007ff97ce40000 - 0x00007ff97ce5b000 	C:\WINDOWS\system32\pnrpnsp.dll
0x00007ff9afc60000 - 0x00007ff9afc75000 	C:\WINDOWS\system32\wshbth.dll
0x00007ff9b0610000 - 0x00007ff9b062d000 	C:\WINDOWS\system32\NLAapi.dll
0x00007ff9b47e0000 - 0x00007ff9b481b000 	C:\WINDOWS\SYSTEM32\IPHLPAPI.DLL
0x00007ff9b4830000 - 0x00007ff9b48fb000 	C:\WINDOWS\SYSTEM32\DNSAPI.dll
0x00007ff9b6c50000 - 0x00007ff9b6c58000 	C:\WINDOWS\System32\NSI.dll
0x00007ff9769d0000 - 0x00007ff9769e2000 	C:\WINDOWS\System32\winrnr.dll
0x00007ff9a8a00000 - 0x00007ff9a8a0a000 	C:\Windows\System32\rasadhlp.dll
0x00007ff9acbb0000 - 0x00007ff9acc30000 	C:\WINDOWS\System32\fwpuclnt.dll
0x00007ff9b5a30000 - 0x00007ff9b5a57000 	C:\WINDOWS\System32\bcrypt.dll

dbghelp: loaded successfully - version: 4.0.5 - missing functions: none
symbol engine: initialized successfully - sym options: 0x614 - pdb path: .;C:\java\jdk-11.0.8\bin;C:\WINDOWS\SYSTEM32;C:\WINDOWS\WinSxS\amd64_microsoft.windows.common-controls_6595b64144ccf1df_6.0.19041.1110_none_60b5254171f9507e;C:\java\jdk-11.0.8\bin\server

VM Arguments:
jvm_args: -Dfile.encoding=UTF-8 
java_command: sample.camel.RestApplication
java_class_path (initial): E:\ApacheCamel\finallabs\core\lab7.2-camel-rest-producer-basic-auth\target\classes;E:\ApacheCamel\softwares\m2\repository\org\springframework\boot\spring-boot-starter-web\2.4.2\spring-boot-starter-web-2.4.2.jar;E:\ApacheCamel\softwares\m2\repository\org\springframework\boot\spring-boot-starter\2.4.2\spring-boot-starter-2.4.2.jar;E:\ApacheCamel\softwares\m2\repository\org\springframework\boot\spring-boot-autoconfigure\2.4.2\spring-boot-autoconfigure-2.4.2.jar;E:\ApacheCamel\softwares\m2\repository\org\springframework\boot\spring-boot-starter-logging\2.4.2\spring-boot-starter-logging-2.4.2.jar;E:\ApacheCamel\softwares\m2\repository\ch\qos\logback\logback-classic\1.2.3\logback-classic-1.2.3.jar;E:\ApacheCamel\softwares\m2\repository\ch\qos\logback\logback-core\1.2.3\logback-core-1.2.3.jar;E:\ApacheCamel\softwares\m2\repository\org\apache\logging\log4j\log4j-to-slf4j\2.13.3\log4j-to-slf4j-2.13.3.jar;E:\ApacheCamel\softwares\m2\repository\org\apache\logging\log4j\log4j-api\2.13.3\log4j-api-2.13.3.jar;E:\ApacheCamel\softwares\m2\repository\org\slf4j\jul-to-slf4j\1.7.30\jul-to-slf4j-1.7.30.jar;E:\ApacheCamel\softwares\m2\repository\jakarta\annotation\jakarta.annotation-api\1.3.5\jakarta.annotation-api-1.3.5.jar;E:\ApacheCamel\softwares\m2\repository\org\springframework\spring-core\5.3.3\spring-core-5.3.3.jar;E:\ApacheCamel\softwares\m2\repository\org\springframework\spring-jcl\5.3.3\spring-jcl-5.3.3.jar;E:\ApacheCamel\softwares\m2\repository\org\yaml\snakeyaml\1.27\snakeyaml-1.27.jar;E:\ApacheCamel\softwares\m2\repository\org\springframework\boot\spring-boot-starter-json\2.4.2\spring-boot-starter-json-2.4.2.jar;E:\ApacheCamel\softwares\m2\repository\com\fasterxml\jackson\core\jackson-databind\2.11.4\jackson-databind-2.11.4.jar;E:\ApacheCamel\softwares\m2\repository\com\fasterxml\jackson\core\jackson-core\2.11.4\jackson-core-2.11.4.jar;E:\ApacheCamel\softwares\m2\repository\com\fasterxml\jackson\datatype\jackson-datatype-jdk8\2.11.4\jackson-data
Launcher Type: SUN_STANDARD

[Global flags]
     intx CICompilerCount                          = 4                                         {product} {ergonomic}
     uint ConcGCThreads                            = 2                                         {product} {ergonomic}
     uint G1ConcRefinementThreads                  = 8                                         {product} {ergonomic}
   size_t G1HeapRegionSize                         = 1048576                                   {product} {ergonomic}
    uintx GCDrainStackTargetSize                   = 64                                        {product} {ergonomic}
   size_t InitialHeapSize                          = 266338304                                 {product} {ergonomic}
   size_t MarkStackSize                            = 4194304                                   {product} {ergonomic}
   size_t MaxHeapSize                              = 4234149888                                {product} {ergonomic}
   size_t MaxNewSize                               = 2539651072                                {product} {ergonomic}
   size_t MinHeapDeltaBytes                        = 1048576                                   {product} {ergonomic}
    uintx NonNMethodCodeHeapSize                   = 5836300                                {pd product} {ergonomic}
    uintx NonProfiledCodeHeapSize                  = 122910970                              {pd product} {ergonomic}
    uintx ProfiledCodeHeapSize                     = 122910970                              {pd product} {ergonomic}
    uintx ReservedCodeCacheSize                    = 251658240                              {pd product} {ergonomic}
     bool SegmentedCodeCache                       = true                                      {product} {ergonomic}
     bool UseCompressedClassPointers               = true                                 {lp64_product} {ergonomic}
     bool UseCompressedOops                        = true                                 {lp64_product} {ergonomic}
     bool UseG1GC                                  = true                                      {product} {ergonomic}
     bool UseLargePagesIndividualAllocation        = false                                  {pd product} {ergonomic}

Logging:
Log output configuration:
 #0: stdout all=warning uptime,level,tags
 #1: stderr all=off uptime,level,tags

Environment Variables:
JAVA_HOME=C:\java\jdk1.8.0_231
PATH=E:/ApacheCamel/softwares/sts-4.9.0.RELEASE//plugins/org.eclipse.justj.openjdk.hotspot.jre.full.win32.x86_64_15.0.1.v20201027-0507/jre/bin/server;E:/ApacheCamel/softwares/sts-4.9.0.RELEASE//plugins/org.eclipse.justj.openjdk.hotspot.jre.full.win32.x86_64_15.0.1.v20201027-0507/jre/bin;C:\Windows\system32;C:\Windows;C:\Windows\System32\Wbem;C:\Windows\System32\WindowsPowerShell\v1.0\;C:\Windows\System32\OpenSSH\;C:\Program Files\NVIDIA Corporation\NVIDIA NvDLISR;C:\Program Files\Git\cmd;C:\Program Files\nodejs\;C:\Program Files (x86)\NVIDIA Corporation\PhysX\Common;C:\WINDOWS\system32;C:\WINDOWS;C:\WINDOWS\System32\Wbem;C:\WINDOWS\System32\WindowsPowerShell\v1.0\;C:\WINDOWS\System32\OpenSSH\;C:\Program Files\Amazon\AWSCLIV2\;C:\ProgramData\chocolatey\bin;C:\Python27;C:\Python27\scripts;C:\Program Files\dotnet\;E:\Go-language\Go\bin;C:\Users\VENKATARAMANA\.cargo\bin;C:\Windows\system32;C:\Windows;C:\Windows\System32\Wbem;C:\Windows\System32\WindowsPowerShell\v1.0\;C:\Windows\System32\OpenSSH\;C:\Program Files\NVIDIA Corporation\NVIDIA NvDLISR;C:\Program Files\Git\cmd;C:\Program Files\nodejs\;C:\Program Files (x86)\NVIDIA Corporation\PhysX\Common;C:\Users\VENKATARAMANA\AppData\Local\Microsoft\WindowsApps;E:\camel-gradle\Gradle\bin;C:\java\jdk1.8.0_231\bin;E:\scb-aws\kubectlbinary;C:\kafkaW\software\Gradle\bin;C:\Kafka-old\software\apache-maven-3.3.1\bin;C:\kafkaW\software\apache-cassandra-3.11.12\bin;C:\Python27;C:\Users\VENKATARAMANA\go\bin;c:\Microsoft_VS_Code\bin;C:\spring\softwares\apache-maven-3.6.3\bin;;E:\ApacheCamel\softwares\sts-4.9.0.RELEASE;
USERNAME=VENKATARAMANA
OS=Windows_NT
PROCESSOR_IDENTIFIER=Intel64 Family 6 Model 126 Stepping 5, GenuineIntel



---------------  S Y S T E M  ---------------

OS: Windows 10 , 64 bit Build 19041 (10.0.19041.2546)
HyperV virtualization detected

CPU:total 8 (initial active 8) (4 cores per cpu, 2 threads per core) family 6 model 126 stepping 5, cmov, cx8, fxsr, mmx, sse, sse2, sse3, ssse3, sse4.1, sse4.2, popcnt, avx, avx2, aes, clmul, erms, 3dnowpref, lzcnt, ht, tsc, tscinvbit, bmi1, bmi2, adx, evex, sha, fma

Memory: 4k page, system-wide physical 16151M (5412M free)
TotalPageFile size 26391M (AvailPageFile size 8864M)
current process WorkingSet (physical memory assigned to process): 202M, peak: 202M
current process commit charge ("private bytes"): 433M, peak: 433M

vm_info: Java HotSpot(TM) 64-Bit Server VM (11.0.8+10-LTS) for windows-amd64 JRE (11.0.8+10-LTS), built on Jun 16 2020 05:53:08 by "mach5one" with unknown MS VC++:1916

END.
